2022-05-01 00:22:10.352  INFO 65816 --- [           main] c.g.s.typotype.TypotypeApplicationKt     : Starting TypotypeApplicationKt using Java 11.0.14.1 on PC-SUS45 with PID 65816 (D:\projects\typotype\build\classes\kotlin\main started by Илья Буглаков in D:\projects\typotype)
2022-05-01 00:22:10.352  INFO 65816 --- [           main] c.g.s.typotype.TypotypeApplicationKt     : No active profile set, falling back to 1 default profile: "default"
2022-05-01 00:22:13.659  INFO 65816 --- [           main] o.s.b.web.embedded.netty.NettyWebServer  : Netty started on port 8080
2022-05-01 00:22:13.674  INFO 65816 --- [           main] o.s.b.rsocket.netty.NettyRSocketServer   : Netty RSocket started on port(s): 7000
2022-05-01 00:22:13.694  INFO 65816 --- [           main] c.g.s.typotype.TypotypeApplicationKt     : Started TypotypeApplicationKt in 4.04 seconds (JVM running for 5.272)
2022-05-01 00:23:01.669  INFO 103928 --- [           main] c.g.s.typotype.TypotypeApplicationKt     : Starting TypotypeApplicationKt using Java 11.0.14.1 on PC-SUS45 with PID 103928 (D:\projects\typotype\build\classes\kotlin\main started by Илья Буглаков in D:\projects\typotype)
2022-05-01 00:23:01.674  INFO 103928 --- [           main] c.g.s.typotype.TypotypeApplicationKt     : No active profile set, falling back to 1 default profile: "default"
2022-05-01 00:23:04.997  INFO 103928 --- [           main] o.s.b.web.embedded.netty.NettyWebServer  : Netty started on port 8080
2022-05-01 00:23:05.008  INFO 103928 --- [           main] o.s.b.rsocket.netty.NettyRSocketServer   : Netty RSocket started on port(s): 7000
2022-05-01 00:23:05.029  INFO 103928 --- [           main] c.g.s.typotype.TypotypeApplicationKt     : Started TypotypeApplicationKt in 4.074 seconds (JVM running for 5.158)
2022-05-01 00:24:29.417 ERROR 103928 --- [actor-tcp-nio-2] a.w.r.e.AbstractErrorWebExceptionHandler : [f9c8094f-4]  500 Server Error for HTTP GET "/"

io.rsocket.exceptions.ApplicationErrorException: No handler for destination ''
	at io.rsocket.exceptions.Exceptions.from(Exceptions.java:76)
	Suppressed: reactor.core.publisher.FluxOnAssembly$OnAssemblyException: 
Error has been observed at the following site(s):
	*__checkpoint ⇢ Handler com.github.sintexer.typotype.room.controller.TypeRestController#getStream(Continuation) [DispatcherHandler]
	*__checkpoint ⇢ HTTP GET "/" [ExceptionHandlingWebHandler]
Original Stack Trace:
		at io.rsocket.exceptions.Exceptions.from(Exceptions.java:76)
		at io.rsocket.core.RSocketRequester.handleFrame(RSocketRequester.java:261)
		at io.rsocket.core.RSocketRequester.handleIncomingFrames(RSocketRequester.java:211)
		at reactor.core.publisher.LambdaSubscriber.onNext(LambdaSubscriber.java:160)
		at io.rsocket.core.ClientServerInputMultiplexer$InternalDuplexConnection.onNext(ClientServerInputMultiplexer.java:248)
		at io.rsocket.core.ClientServerInputMultiplexer.onNext(ClientServerInputMultiplexer.java:129)
		at io.rsocket.core.ClientServerInputMultiplexer.onNext(ClientServerInputMultiplexer.java:48)
		at reactor.core.publisher.FluxMap$MapSubscriber.onNext(FluxMap.java:120)
		at reactor.core.publisher.FluxMap$MapSubscriber.onNext(FluxMap.java:120)
		at reactor.netty.channel.FluxReceive.onInboundNext(FluxReceive.java:364)
		at reactor.netty.channel.ChannelOperations.onInboundNext(ChannelOperations.java:404)
		at reactor.netty.channel.ChannelOperationsHandler.channelRead(ChannelOperationsHandler.java:93)
		at io.netty.channel.AbstractChannelHandlerContext.invokeChannelRead(AbstractChannelHandlerContext.java:379)
		at io.netty.channel.AbstractChannelHandlerContext.invokeChannelRead(AbstractChannelHandlerContext.java:365)
		at io.netty.channel.AbstractChannelHandlerContext.fireChannelRead(AbstractChannelHandlerContext.java:357)
		at io.netty.handler.codec.ByteToMessageDecoder.fireChannelRead(ByteToMessageDecoder.java:327)
		at io.netty.handler.codec.ByteToMessageDecoder.channelRead(ByteToMessageDecoder.java:299)
		at io.netty.channel.AbstractChannelHandlerContext.invokeChannelRead(AbstractChannelHandlerContext.java:379)
		at io.netty.channel.AbstractChannelHandlerContext.invokeChannelRead(AbstractChannelHandlerContext.java:365)
		at io.netty.channel.AbstractChannelHandlerContext.fireChannelRead(AbstractChannelHandlerContext.java:357)
		at io.netty.channel.DefaultChannelPipeline$HeadContext.channelRead(DefaultChannelPipeline.java:1410)
		at io.netty.channel.AbstractChannelHandlerContext.invokeChannelRead(AbstractChannelHandlerContext.java:379)
		at io.netty.channel.AbstractChannelHandlerContext.invokeChannelRead(AbstractChannelHandlerContext.java:365)
		at io.netty.channel.DefaultChannelPipeline.fireChannelRead(DefaultChannelPipeline.java:919)
		at io.netty.channel.nio.AbstractNioByteChannel$NioByteUnsafe.read(AbstractNioByteChannel.java:166)
		at io.netty.channel.nio.NioEventLoop.processSelectedKey(NioEventLoop.java:722)
		at io.netty.channel.nio.NioEventLoop.processSelectedKeysOptimized(NioEventLoop.java:658)
		at io.netty.channel.nio.NioEventLoop.processSelectedKeys(NioEventLoop.java:584)
		at io.netty.channel.nio.NioEventLoop.run(NioEventLoop.java:496)
		at io.netty.util.concurrent.SingleThreadEventExecutor$4.run(SingleThreadEventExecutor.java:986)
		at io.netty.util.internal.ThreadExecutorMap$2.run(ThreadExecutorMap.java:74)
		at io.netty.util.concurrent.FastThreadLocalRunnable.run(FastThreadLocalRunnable.java:30)
		at java.base/java.lang.Thread.run(Thread.java:829)

2022-05-01 00:25:52.315  INFO 70252 --- [           main] c.g.s.typotype.TypotypeApplicationKt     : Starting TypotypeApplicationKt using Java 11.0.14.1 on PC-SUS45 with PID 70252 (D:\projects\typotype\build\classes\kotlin\main started by Илья Буглаков in D:\projects\typotype)
2022-05-01 00:25:52.315  INFO 70252 --- [           main] c.g.s.typotype.TypotypeApplicationKt     : No active profile set, falling back to 1 default profile: "default"
2022-05-01 00:25:55.536  INFO 70252 --- [           main] o.s.b.web.embedded.netty.NettyWebServer  : Netty started on port 8080
2022-05-01 00:25:55.547  INFO 70252 --- [           main] o.s.b.rsocket.netty.NettyRSocketServer   : Netty RSocket started on port(s): 7000
2022-05-01 00:25:55.568  INFO 70252 --- [           main] c.g.s.typotype.TypotypeApplicationKt     : Started TypotypeApplicationKt in 3.952 seconds (JVM running for 5.116)
2022-05-01 00:25:57.680 ERROR 70252 --- [actor-tcp-nio-2] a.w.r.e.AbstractErrorWebExceptionHandler : [907419ca-1]  500 Server Error for HTTP GET "/"

io.rsocket.exceptions.ApplicationErrorException: No handler for destination ''
	at io.rsocket.exceptions.Exceptions.from(Exceptions.java:76)
	Suppressed: reactor.core.publisher.FluxOnAssembly$OnAssemblyException: 
Error has been observed at the following site(s):
	*__checkpoint ⇢ Handler com.github.sintexer.typotype.room.controller.TypeRestController#getStream(Continuation) [DispatcherHandler]
	*__checkpoint ⇢ HTTP GET "/" [ExceptionHandlingWebHandler]
Original Stack Trace:
		at io.rsocket.exceptions.Exceptions.from(Exceptions.java:76)
		at io.rsocket.core.RSocketRequester.handleFrame(RSocketRequester.java:261)
		at io.rsocket.core.RSocketRequester.handleIncomingFrames(RSocketRequester.java:211)
		at reactor.core.publisher.LambdaSubscriber.onNext(LambdaSubscriber.java:160)
		at io.rsocket.core.ClientServerInputMultiplexer$InternalDuplexConnection.onNext(ClientServerInputMultiplexer.java:248)
		at io.rsocket.core.ClientServerInputMultiplexer.onNext(ClientServerInputMultiplexer.java:129)
		at io.rsocket.core.ClientServerInputMultiplexer.onNext(ClientServerInputMultiplexer.java:48)
		at reactor.core.publisher.FluxMap$MapSubscriber.onNext(FluxMap.java:120)
		at reactor.core.publisher.FluxMap$MapSubscriber.onNext(FluxMap.java:120)
		at reactor.netty.channel.FluxReceive.onInboundNext(FluxReceive.java:364)
		at reactor.netty.channel.ChannelOperations.onInboundNext(ChannelOperations.java:404)
		at reactor.netty.channel.ChannelOperationsHandler.channelRead(ChannelOperationsHandler.java:93)
		at io.netty.channel.AbstractChannelHandlerContext.invokeChannelRead(AbstractChannelHandlerContext.java:379)
		at io.netty.channel.AbstractChannelHandlerContext.invokeChannelRead(AbstractChannelHandlerContext.java:365)
		at io.netty.channel.AbstractChannelHandlerContext.fireChannelRead(AbstractChannelHandlerContext.java:357)
		at io.netty.handler.codec.ByteToMessageDecoder.fireChannelRead(ByteToMessageDecoder.java:327)
		at io.netty.handler.codec.ByteToMessageDecoder.channelRead(ByteToMessageDecoder.java:299)
		at io.netty.channel.AbstractChannelHandlerContext.invokeChannelRead(AbstractChannelHandlerContext.java:379)
		at io.netty.channel.AbstractChannelHandlerContext.invokeChannelRead(AbstractChannelHandlerContext.java:365)
		at io.netty.channel.AbstractChannelHandlerContext.fireChannelRead(AbstractChannelHandlerContext.java:357)
		at io.netty.channel.DefaultChannelPipeline$HeadContext.channelRead(DefaultChannelPipeline.java:1410)
		at io.netty.channel.AbstractChannelHandlerContext.invokeChannelRead(AbstractChannelHandlerContext.java:379)
		at io.netty.channel.AbstractChannelHandlerContext.invokeChannelRead(AbstractChannelHandlerContext.java:365)
		at io.netty.channel.DefaultChannelPipeline.fireChannelRead(DefaultChannelPipeline.java:919)
		at io.netty.channel.nio.AbstractNioByteChannel$NioByteUnsafe.read(AbstractNioByteChannel.java:166)
		at io.netty.channel.nio.NioEventLoop.processSelectedKey(NioEventLoop.java:722)
		at io.netty.channel.nio.NioEventLoop.processSelectedKeysOptimized(NioEventLoop.java:658)
		at io.netty.channel.nio.NioEventLoop.processSelectedKeys(NioEventLoop.java:584)
		at io.netty.channel.nio.NioEventLoop.run(NioEventLoop.java:496)
		at io.netty.util.concurrent.SingleThreadEventExecutor$4.run(SingleThreadEventExecutor.java:986)
		at io.netty.util.internal.ThreadExecutorMap$2.run(ThreadExecutorMap.java:74)
		at io.netty.util.concurrent.FastThreadLocalRunnable.run(FastThreadLocalRunnable.java:30)
		at java.base/java.lang.Thread.run(Thread.java:829)

2022-05-01 00:26:52.208  INFO 248720 --- [           main] c.g.s.typotype.TypotypeApplicationKt     : Starting TypotypeApplicationKt using Java 11.0.14.1 on PC-SUS45 with PID 248720 (D:\projects\typotype\build\classes\kotlin\main started by Илья Буглаков in D:\projects\typotype)
2022-05-01 00:26:52.219  INFO 248720 --- [           main] c.g.s.typotype.TypotypeApplicationKt     : No active profile set, falling back to 1 default profile: "default"
2022-05-01 00:26:55.482  INFO 248720 --- [           main] o.s.b.web.embedded.netty.NettyWebServer  : Netty started on port 8080
2022-05-01 00:26:55.493  INFO 248720 --- [           main] o.s.b.rsocket.netty.NettyRSocketServer   : Netty RSocket started on port(s): 7000
2022-05-01 00:26:55.514  INFO 248720 --- [           main] c.g.s.typotype.TypotypeApplicationKt     : Started TypotypeApplicationKt in 4.026 seconds (JVM running for 5.111)
2022-05-01 00:26:57.530 ERROR 248720 --- [actor-tcp-nio-2] a.w.r.e.AbstractErrorWebExceptionHandler : [83f30e6e-1]  500 Server Error for HTTP GET "/"

io.rsocket.exceptions.ApplicationErrorException: No handler for destination ''
	at io.rsocket.exceptions.Exceptions.from(Exceptions.java:76)
	Suppressed: reactor.core.publisher.FluxOnAssembly$OnAssemblyException: 
Error has been observed at the following site(s):
	*__checkpoint ⇢ Handler com.github.sintexer.typotype.room.controller.TypeRestController#getStream(Continuation) [DispatcherHandler]
	*__checkpoint ⇢ HTTP GET "/" [ExceptionHandlingWebHandler]
Original Stack Trace:
		at io.rsocket.exceptions.Exceptions.from(Exceptions.java:76)
		at io.rsocket.core.RSocketRequester.handleFrame(RSocketRequester.java:261)
		at io.rsocket.core.RSocketRequester.handleIncomingFrames(RSocketRequester.java:211)
		at reactor.core.publisher.LambdaSubscriber.onNext(LambdaSubscriber.java:160)
		at io.rsocket.core.ClientServerInputMultiplexer$InternalDuplexConnection.onNext(ClientServerInputMultiplexer.java:248)
		at io.rsocket.core.ClientServerInputMultiplexer.onNext(ClientServerInputMultiplexer.java:129)
		at io.rsocket.core.ClientServerInputMultiplexer.onNext(ClientServerInputMultiplexer.java:48)
		at reactor.core.publisher.FluxMap$MapSubscriber.onNext(FluxMap.java:120)
		at reactor.core.publisher.FluxMap$MapSubscriber.onNext(FluxMap.java:120)
		at reactor.netty.channel.FluxReceive.onInboundNext(FluxReceive.java:364)
		at reactor.netty.channel.ChannelOperations.onInboundNext(ChannelOperations.java:404)
		at reactor.netty.channel.ChannelOperationsHandler.channelRead(ChannelOperationsHandler.java:93)
		at io.netty.channel.AbstractChannelHandlerContext.invokeChannelRead(AbstractChannelHandlerContext.java:379)
		at io.netty.channel.AbstractChannelHandlerContext.invokeChannelRead(AbstractChannelHandlerContext.java:365)
		at io.netty.channel.AbstractChannelHandlerContext.fireChannelRead(AbstractChannelHandlerContext.java:357)
		at io.netty.handler.codec.ByteToMessageDecoder.fireChannelRead(ByteToMessageDecoder.java:327)
		at io.netty.handler.codec.ByteToMessageDecoder.channelRead(ByteToMessageDecoder.java:299)
		at io.netty.channel.AbstractChannelHandlerContext.invokeChannelRead(AbstractChannelHandlerContext.java:379)
		at io.netty.channel.AbstractChannelHandlerContext.invokeChannelRead(AbstractChannelHandlerContext.java:365)
		at io.netty.channel.AbstractChannelHandlerContext.fireChannelRead(AbstractChannelHandlerContext.java:357)
		at io.netty.channel.DefaultChannelPipeline$HeadContext.channelRead(DefaultChannelPipeline.java:1410)
		at io.netty.channel.AbstractChannelHandlerContext.invokeChannelRead(AbstractChannelHandlerContext.java:379)
		at io.netty.channel.AbstractChannelHandlerContext.invokeChannelRead(AbstractChannelHandlerContext.java:365)
		at io.netty.channel.DefaultChannelPipeline.fireChannelRead(DefaultChannelPipeline.java:919)
		at io.netty.channel.nio.AbstractNioByteChannel$NioByteUnsafe.read(AbstractNioByteChannel.java:166)
		at io.netty.channel.nio.NioEventLoop.processSelectedKey(NioEventLoop.java:722)
		at io.netty.channel.nio.NioEventLoop.processSelectedKeysOptimized(NioEventLoop.java:658)
		at io.netty.channel.nio.NioEventLoop.processSelectedKeys(NioEventLoop.java:584)
		at io.netty.channel.nio.NioEventLoop.run(NioEventLoop.java:496)
		at io.netty.util.concurrent.SingleThreadEventExecutor$4.run(SingleThreadEventExecutor.java:986)
		at io.netty.util.internal.ThreadExecutorMap$2.run(ThreadExecutorMap.java:74)
		at io.netty.util.concurrent.FastThreadLocalRunnable.run(FastThreadLocalRunnable.java:30)
		at java.base/java.lang.Thread.run(Thread.java:829)

2022-05-01 00:29:10.453  INFO 196368 --- [           main] c.g.s.typotype.TypotypeApplicationKt     : Starting TypotypeApplicationKt using Java 11.0.14.1 on PC-SUS45 with PID 196368 (D:\projects\typotype\build\classes\kotlin\main started by Илья Буглаков in D:\projects\typotype)
2022-05-01 00:29:10.459  INFO 196368 --- [           main] c.g.s.typotype.TypotypeApplicationKt     : No active profile set, falling back to 1 default profile: "default"
2022-05-01 00:29:13.712  INFO 196368 --- [           main] o.s.b.web.embedded.netty.NettyWebServer  : Netty started on port 8080
2022-05-01 00:29:13.722  INFO 196368 --- [           main] o.s.b.rsocket.netty.NettyRSocketServer   : Netty RSocket started on port(s): 7000
2022-05-01 00:29:13.733  INFO 196368 --- [           main] c.g.s.typotype.TypotypeApplicationKt     : Started TypotypeApplicationKt in 3.997 seconds (JVM running for 5.074)
2022-05-01 00:29:15.621 ERROR 196368 --- [actor-tcp-nio-2] a.w.r.e.AbstractErrorWebExceptionHandler : [f20fe237-1]  500 Server Error for HTTP GET "/"

io.rsocket.exceptions.ApplicationErrorException: No handler for destination ''
	at io.rsocket.exceptions.Exceptions.from(Exceptions.java:76)
	Suppressed: reactor.core.publisher.FluxOnAssembly$OnAssemblyException: 
Error has been observed at the following site(s):
	*__checkpoint ⇢ Handler com.github.sintexer.typotype.room.controller.TypeRestController#getStream(Continuation) [DispatcherHandler]
	*__checkpoint ⇢ HTTP GET "/" [ExceptionHandlingWebHandler]
Original Stack Trace:
		at io.rsocket.exceptions.Exceptions.from(Exceptions.java:76)
		at io.rsocket.core.RSocketRequester.handleFrame(RSocketRequester.java:261)
		at io.rsocket.core.RSocketRequester.handleIncomingFrames(RSocketRequester.java:211)
		at reactor.core.publisher.LambdaSubscriber.onNext(LambdaSubscriber.java:160)
		at io.rsocket.core.ClientServerInputMultiplexer$InternalDuplexConnection.onNext(ClientServerInputMultiplexer.java:248)
		at io.rsocket.core.ClientServerInputMultiplexer.onNext(ClientServerInputMultiplexer.java:129)
		at io.rsocket.core.ClientServerInputMultiplexer.onNext(ClientServerInputMultiplexer.java:48)
		at reactor.core.publisher.FluxMap$MapSubscriber.onNext(FluxMap.java:120)
		at reactor.core.publisher.FluxMap$MapSubscriber.onNext(FluxMap.java:120)
		at reactor.netty.channel.FluxReceive.onInboundNext(FluxReceive.java:364)
		at reactor.netty.channel.ChannelOperations.onInboundNext(ChannelOperations.java:404)
		at reactor.netty.channel.ChannelOperationsHandler.channelRead(ChannelOperationsHandler.java:93)
		at io.netty.channel.AbstractChannelHandlerContext.invokeChannelRead(AbstractChannelHandlerContext.java:379)
		at io.netty.channel.AbstractChannelHandlerContext.invokeChannelRead(AbstractChannelHandlerContext.java:365)
		at io.netty.channel.AbstractChannelHandlerContext.fireChannelRead(AbstractChannelHandlerContext.java:357)
		at io.netty.handler.codec.ByteToMessageDecoder.fireChannelRead(ByteToMessageDecoder.java:327)
		at io.netty.handler.codec.ByteToMessageDecoder.channelRead(ByteToMessageDecoder.java:299)
		at io.netty.channel.AbstractChannelHandlerContext.invokeChannelRead(AbstractChannelHandlerContext.java:379)
		at io.netty.channel.AbstractChannelHandlerContext.invokeChannelRead(AbstractChannelHandlerContext.java:365)
		at io.netty.channel.AbstractChannelHandlerContext.fireChannelRead(AbstractChannelHandlerContext.java:357)
		at io.netty.channel.DefaultChannelPipeline$HeadContext.channelRead(DefaultChannelPipeline.java:1410)
		at io.netty.channel.AbstractChannelHandlerContext.invokeChannelRead(AbstractChannelHandlerContext.java:379)
		at io.netty.channel.AbstractChannelHandlerContext.invokeChannelRead(AbstractChannelHandlerContext.java:365)
		at io.netty.channel.DefaultChannelPipeline.fireChannelRead(DefaultChannelPipeline.java:919)
		at io.netty.channel.nio.AbstractNioByteChannel$NioByteUnsafe.read(AbstractNioByteChannel.java:166)
		at io.netty.channel.nio.NioEventLoop.processSelectedKey(NioEventLoop.java:722)
		at io.netty.channel.nio.NioEventLoop.processSelectedKeysOptimized(NioEventLoop.java:658)
		at io.netty.channel.nio.NioEventLoop.processSelectedKeys(NioEventLoop.java:584)
		at io.netty.channel.nio.NioEventLoop.run(NioEventLoop.java:496)
		at io.netty.util.concurrent.SingleThreadEventExecutor$4.run(SingleThreadEventExecutor.java:986)
		at io.netty.util.internal.ThreadExecutorMap$2.run(ThreadExecutorMap.java:74)
		at io.netty.util.concurrent.FastThreadLocalRunnable.run(FastThreadLocalRunnable.java:30)
		at java.base/java.lang.Thread.run(Thread.java:829)

2022-05-01 00:32:26.992  INFO 295180 --- [           main] c.g.s.typotype.TypotypeApplicationKt     : Starting TypotypeApplicationKt using Java 11.0.14.1 on PC-SUS45 with PID 295180 (D:\projects\typotype\build\classes\kotlin\main started by Илья Буглаков in D:\projects\typotype)
2022-05-01 00:32:27.002  INFO 295180 --- [           main] c.g.s.typotype.TypotypeApplicationKt     : No active profile set, falling back to 1 default profile: "default"
2022-05-01 00:32:30.288  INFO 295180 --- [           main] o.s.b.web.embedded.netty.NettyWebServer  : Netty started on port 8080
2022-05-01 00:32:30.304  INFO 295180 --- [           main] o.s.b.rsocket.netty.NettyRSocketServer   : Netty RSocket started on port(s): 7000
2022-05-01 00:32:30.320  INFO 295180 --- [           main] c.g.s.typotype.TypotypeApplicationKt     : Started TypotypeApplicationKt in 3.992 seconds (JVM running for 5.054)
2022-05-01 00:32:33.095 ERROR 295180 --- [actor-tcp-nio-2] a.w.r.e.AbstractErrorWebExceptionHandler : [e54383f8-1]  500 Server Error for HTTP GET "/"

io.rsocket.exceptions.ApplicationErrorException: No handler for destination ''
	at io.rsocket.exceptions.Exceptions.from(Exceptions.java:76)
	Suppressed: reactor.core.publisher.FluxOnAssembly$OnAssemblyException: 
Error has been observed at the following site(s):
	*__checkpoint ⇢ Handler com.github.sintexer.typotype.room.controller.TypeRestController#getStream(Continuation) [DispatcherHandler]
	*__checkpoint ⇢ HTTP GET "/" [ExceptionHandlingWebHandler]
Original Stack Trace:
		at io.rsocket.exceptions.Exceptions.from(Exceptions.java:76)
		at io.rsocket.core.RSocketRequester.handleFrame(RSocketRequester.java:261)
		at io.rsocket.core.RSocketRequester.handleIncomingFrames(RSocketRequester.java:211)
		at reactor.core.publisher.LambdaSubscriber.onNext(LambdaSubscriber.java:160)
		at io.rsocket.core.ClientServerInputMultiplexer$InternalDuplexConnection.onNext(ClientServerInputMultiplexer.java:248)
		at io.rsocket.core.ClientServerInputMultiplexer.onNext(ClientServerInputMultiplexer.java:129)
		at io.rsocket.core.ClientServerInputMultiplexer.onNext(ClientServerInputMultiplexer.java:48)
		at reactor.core.publisher.FluxMap$MapSubscriber.onNext(FluxMap.java:120)
		at reactor.core.publisher.FluxMap$MapSubscriber.onNext(FluxMap.java:120)
		at reactor.netty.channel.FluxReceive.onInboundNext(FluxReceive.java:364)
		at reactor.netty.channel.ChannelOperations.onInboundNext(ChannelOperations.java:404)
		at reactor.netty.channel.ChannelOperationsHandler.channelRead(ChannelOperationsHandler.java:93)
		at io.netty.channel.AbstractChannelHandlerContext.invokeChannelRead(AbstractChannelHandlerContext.java:379)
		at io.netty.channel.AbstractChannelHandlerContext.invokeChannelRead(AbstractChannelHandlerContext.java:365)
		at io.netty.channel.AbstractChannelHandlerContext.fireChannelRead(AbstractChannelHandlerContext.java:357)
		at io.netty.handler.codec.ByteToMessageDecoder.fireChannelRead(ByteToMessageDecoder.java:327)
		at io.netty.handler.codec.ByteToMessageDecoder.channelRead(ByteToMessageDecoder.java:299)
		at io.netty.channel.AbstractChannelHandlerContext.invokeChannelRead(AbstractChannelHandlerContext.java:379)
		at io.netty.channel.AbstractChannelHandlerContext.invokeChannelRead(AbstractChannelHandlerContext.java:365)
		at io.netty.channel.AbstractChannelHandlerContext.fireChannelRead(AbstractChannelHandlerContext.java:357)
		at io.netty.channel.DefaultChannelPipeline$HeadContext.channelRead(DefaultChannelPipeline.java:1410)
		at io.netty.channel.AbstractChannelHandlerContext.invokeChannelRead(AbstractChannelHandlerContext.java:379)
		at io.netty.channel.AbstractChannelHandlerContext.invokeChannelRead(AbstractChannelHandlerContext.java:365)
		at io.netty.channel.DefaultChannelPipeline.fireChannelRead(DefaultChannelPipeline.java:919)
		at io.netty.channel.nio.AbstractNioByteChannel$NioByteUnsafe.read(AbstractNioByteChannel.java:166)
		at io.netty.channel.nio.NioEventLoop.processSelectedKey(NioEventLoop.java:722)
		at io.netty.channel.nio.NioEventLoop.processSelectedKeysOptimized(NioEventLoop.java:658)
		at io.netty.channel.nio.NioEventLoop.processSelectedKeys(NioEventLoop.java:584)
		at io.netty.channel.nio.NioEventLoop.run(NioEventLoop.java:496)
		at io.netty.util.concurrent.SingleThreadEventExecutor$4.run(SingleThreadEventExecutor.java:986)
		at io.netty.util.internal.ThreadExecutorMap$2.run(ThreadExecutorMap.java:74)
		at io.netty.util.concurrent.FastThreadLocalRunnable.run(FastThreadLocalRunnable.java:30)
		at java.base/java.lang.Thread.run(Thread.java:829)

2022-05-01 00:32:37.471 ERROR 295180 --- [actor-tcp-nio-2] a.w.r.e.AbstractErrorWebExceptionHandler : [e54383f8-2]  500 Server Error for HTTP GET "/"

io.rsocket.exceptions.ApplicationErrorException: No handler for destination ''
	at io.rsocket.exceptions.Exceptions.from(Exceptions.java:76)
	Suppressed: reactor.core.publisher.FluxOnAssembly$OnAssemblyException: 
Error has been observed at the following site(s):
	*__checkpoint ⇢ Handler com.github.sintexer.typotype.room.controller.TypeRestController#getStream(Continuation) [DispatcherHandler]
	*__checkpoint ⇢ HTTP GET "/" [ExceptionHandlingWebHandler]
Original Stack Trace:
		at io.rsocket.exceptions.Exceptions.from(Exceptions.java:76)
		at io.rsocket.core.RSocketRequester.handleFrame(RSocketRequester.java:261)
		at io.rsocket.core.RSocketRequester.handleIncomingFrames(RSocketRequester.java:211)
		at reactor.core.publisher.LambdaSubscriber.onNext(LambdaSubscriber.java:160)
		at io.rsocket.core.ClientServerInputMultiplexer$InternalDuplexConnection.onNext(ClientServerInputMultiplexer.java:248)
		at io.rsocket.core.ClientServerInputMultiplexer.onNext(ClientServerInputMultiplexer.java:129)
		at io.rsocket.core.ClientServerInputMultiplexer.onNext(ClientServerInputMultiplexer.java:48)
		at reactor.core.publisher.FluxMap$MapSubscriber.onNext(FluxMap.java:120)
		at reactor.core.publisher.FluxMap$MapSubscriber.onNext(FluxMap.java:120)
		at reactor.netty.channel.FluxReceive.onInboundNext(FluxReceive.java:364)
		at reactor.netty.channel.ChannelOperations.onInboundNext(ChannelOperations.java:404)
		at reactor.netty.channel.ChannelOperationsHandler.channelRead(ChannelOperationsHandler.java:93)
		at io.netty.channel.AbstractChannelHandlerContext.invokeChannelRead(AbstractChannelHandlerContext.java:379)
		at io.netty.channel.AbstractChannelHandlerContext.invokeChannelRead(AbstractChannelHandlerContext.java:365)
		at io.netty.channel.AbstractChannelHandlerContext.fireChannelRead(AbstractChannelHandlerContext.java:357)
		at io.netty.handler.codec.ByteToMessageDecoder.fireChannelRead(ByteToMessageDecoder.java:327)
		at io.netty.handler.codec.ByteToMessageDecoder.channelRead(ByteToMessageDecoder.java:299)
		at io.netty.channel.AbstractChannelHandlerContext.invokeChannelRead(AbstractChannelHandlerContext.java:379)
		at io.netty.channel.AbstractChannelHandlerContext.invokeChannelRead(AbstractChannelHandlerContext.java:365)
		at io.netty.channel.AbstractChannelHandlerContext.fireChannelRead(AbstractChannelHandlerContext.java:357)
		at io.netty.channel.DefaultChannelPipeline$HeadContext.channelRead(DefaultChannelPipeline.java:1410)
		at io.netty.channel.AbstractChannelHandlerContext.invokeChannelRead(AbstractChannelHandlerContext.java:379)
		at io.netty.channel.AbstractChannelHandlerContext.invokeChannelRead(AbstractChannelHandlerContext.java:365)
		at io.netty.channel.DefaultChannelPipeline.fireChannelRead(DefaultChannelPipeline.java:919)
		at io.netty.channel.nio.AbstractNioByteChannel$NioByteUnsafe.read(AbstractNioByteChannel.java:166)
		at io.netty.channel.nio.NioEventLoop.processSelectedKey(NioEventLoop.java:722)
		at io.netty.channel.nio.NioEventLoop.processSelectedKeysOptimized(NioEventLoop.java:658)
		at io.netty.channel.nio.NioEventLoop.processSelectedKeys(NioEventLoop.java:584)
		at io.netty.channel.nio.NioEventLoop.run(NioEventLoop.java:496)
		at io.netty.util.concurrent.SingleThreadEventExecutor$4.run(SingleThreadEventExecutor.java:986)
		at io.netty.util.internal.ThreadExecutorMap$2.run(ThreadExecutorMap.java:74)
		at io.netty.util.concurrent.FastThreadLocalRunnable.run(FastThreadLocalRunnable.java:30)
		at java.base/java.lang.Thread.run(Thread.java:829)

2022-05-01 00:44:15.151  INFO 251584 --- [           main] c.g.s.typotype.TypotypeApplicationKt     : Starting TypotypeApplicationKt using Java 11.0.14.1 on PC-SUS45 with PID 251584 (D:\projects\typotype\build\classes\kotlin\main started by Илья Буглаков in D:\projects\typotype)
2022-05-01 00:44:15.151  INFO 251584 --- [           main] c.g.s.typotype.TypotypeApplicationKt     : No active profile set, falling back to 1 default profile: "default"
2022-05-01 00:44:18.362  INFO 251584 --- [           main] o.s.b.web.embedded.netty.NettyWebServer  : Netty started on port 8080
2022-05-01 00:44:18.373  INFO 251584 --- [           main] o.s.b.rsocket.netty.NettyRSocketServer   : Netty RSocket started on port(s): 7000
2022-05-01 00:44:18.399  INFO 251584 --- [           main] c.g.s.typotype.TypotypeApplicationKt     : Started TypotypeApplicationKt in 3.918 seconds (JVM running for 5.049)
2022-05-01 00:44:25.199 ERROR 251584 --- [ctor-http-nio-3] a.w.r.e.AbstractErrorWebExceptionHandler : [cfcc7bb0-1]  500 Server Error for HTTP GET "/"

java.lang.IllegalArgumentException: No decoder for com.github.sintexer.typotype.room.controller.DataWrapper
	at org.springframework.messaging.rsocket.RSocketStrategies.decoder(RSocketStrategies.java:90)
	Suppressed: reactor.core.publisher.FluxOnAssembly$OnAssemblyException: 
Error has been observed at the following site(s):
	*__checkpoint ⇢ Handler com.github.sintexer.typotype.room.controller.TypeRestController#getStream(Continuation) [DispatcherHandler]
	*__checkpoint ⇢ HTTP GET "/" [ExceptionHandlingWebHandler]
Original Stack Trace:
		at org.springframework.messaging.rsocket.RSocketStrategies.decoder(RSocketStrategies.java:90)
		at org.springframework.messaging.rsocket.DefaultRSocketRequester$DefaultRequestSpec.retrieveFlux(DefaultRSocketRequester.java:314)
		at org.springframework.messaging.rsocket.DefaultRSocketRequester$DefaultRequestSpec.retrieveFlux(DefaultRSocketRequester.java:300)
		at com.github.sintexer.typotype.room.controller.TypeRestController.getStream$suspendImpl(TypeRestController.kt:39)
		at com.github.sintexer.typotype.room.controller.TypeRestController.getStream(TypeRestController.kt)
		at java.base/jdk.internal.reflect.NativeMethodAccessorImpl.invoke0(Native Method)
		at java.base/jdk.internal.reflect.NativeMethodAccessorImpl.invoke(NativeMethodAccessorImpl.java:62)
		at java.base/jdk.internal.reflect.DelegatingMethodAccessorImpl.invoke(DelegatingMethodAccessorImpl.java:43)
		at java.base/java.lang.reflect.Method.invoke(Method.java:566)
		at kotlin.reflect.jvm.internal.calls.CallerImpl$Method.callMethod(CallerImpl.kt:97)
		at kotlin.reflect.jvm.internal.calls.CallerImpl$Method$Instance.call(CallerImpl.kt:113)
		at kotlin.reflect.jvm.internal.KCallableImpl.call(KCallableImpl.kt:108)
		at kotlin.reflect.full.KCallables.callSuspend(KCallables.kt:56)
		at org.springframework.core.CoroutinesUtils.lambda$invokeSuspendingFunction$2(CoroutinesUtils.java:79)
		at kotlin.coroutines.intrinsics.IntrinsicsKt__IntrinsicsJvmKt$createCoroutineUnintercepted$$inlined$createCoroutineFromSuspendFunction$IntrinsicsKt__IntrinsicsJvmKt$4.invokeSuspend(IntrinsicsJvm.kt:205)
		at kotlin.coroutines.jvm.internal.BaseContinuationImpl.resumeWith(ContinuationImpl.kt:33)
		at kotlinx.coroutines.internal.DispatchedContinuationKt.resumeCancellableWith(DispatchedContinuation.kt:367)
		at kotlinx.coroutines.intrinsics.CancellableKt.startCoroutineCancellable(Cancellable.kt:30)
		at kotlinx.coroutines.intrinsics.CancellableKt.startCoroutineCancellable$default(Cancellable.kt:25)
		at kotlinx.coroutines.CoroutineStart.invoke(CoroutineStart.kt:110)
		at kotlinx.coroutines.AbstractCoroutine.start(AbstractCoroutine.kt:126)
		at kotlinx.coroutines.reactor.MonoKt.monoInternal$lambda-2(Mono.kt:90)
		at reactor.core.publisher.MonoCreate.subscribe(MonoCreate.java:58)
		at reactor.core.publisher.InternalMonoOperator.subscribe(InternalMonoOperator.java:64)
		at reactor.core.publisher.MonoFlatMap$FlatMapMain.onNext(MonoFlatMap.java:157)
		at reactor.core.publisher.Operators$MonoSubscriber.complete(Operators.java:1816)
		at reactor.core.publisher.MonoFlatMap$FlatMapInner.onNext(MonoFlatMap.java:249)
		at reactor.core.publisher.FluxOnErrorResume$ResumeSubscriber.onNext(FluxOnErrorResume.java:79)
		at reactor.core.publisher.FluxPeek$PeekSubscriber.onNext(FluxPeek.java:200)
		at reactor.core.publisher.FluxPeek$PeekSubscriber.onNext(FluxPeek.java:200)
		at reactor.core.publisher.MonoIgnoreThen$ThenIgnoreMain.complete(MonoIgnoreThen.java:292)
		at reactor.core.publisher.MonoIgnoreThen$ThenIgnoreMain.onNext(MonoIgnoreThen.java:187)
		at reactor.core.publisher.Operators$MonoSubscriber.complete(Operators.java:1816)
		at reactor.core.publisher.MonoFlatMap$FlatMapMain.onNext(MonoFlatMap.java:151)
		at reactor.core.publisher.Operators$MonoSubscriber.complete(Operators.java:1816)
		at reactor.core.publisher.MonoZip$ZipCoordinator.signal(MonoZip.java:251)
		at reactor.core.publisher.MonoZip$ZipInner.onNext(MonoZip.java:336)
		at reactor.core.publisher.MonoPeekTerminal$MonoTerminalPeekSubscriber.onNext(MonoPeekTerminal.java:180)
		at reactor.core.publisher.Operators$ScalarSubscription.request(Operators.java:2398)
		at reactor.core.publisher.MonoPeekTerminal$MonoTerminalPeekSubscriber.request(MonoPeekTerminal.java:139)
		at reactor.core.publisher.MonoZip$ZipInner.onSubscribe(MonoZip.java:325)
		at reactor.core.publisher.MonoPeekTerminal$MonoTerminalPeekSubscriber.onSubscribe(MonoPeekTerminal.java:152)
		at reactor.core.publisher.MonoJust.subscribe(MonoJust.java:55)
		at reactor.core.publisher.Mono.subscribe(Mono.java:4400)
		at reactor.core.publisher.MonoZip.subscribe(MonoZip.java:128)
		at reactor.core.publisher.InternalMonoOperator.subscribe(InternalMonoOperator.java:64)
		at reactor.core.publisher.MonoDefer.subscribe(MonoDefer.java:52)
		at reactor.core.publisher.MonoIgnoreThen$ThenIgnoreMain.subscribeNext(MonoIgnoreThen.java:240)
		at reactor.core.publisher.MonoIgnoreThen$ThenIgnoreMain.onComplete(MonoIgnoreThen.java:203)
		at reactor.core.publisher.MonoFlatMap$FlatMapMain.onComplete(MonoFlatMap.java:181)
		at reactor.core.publisher.Operators.complete(Operators.java:137)
		at reactor.core.publisher.MonoZip.subscribe(MonoZip.java:120)
		at reactor.core.publisher.Mono.subscribe(Mono.java:4400)
		at reactor.core.publisher.MonoIgnoreThen$ThenIgnoreMain.subscribeNext(MonoIgnoreThen.java:263)
		at reactor.core.publisher.MonoIgnoreThen.subscribe(MonoIgnoreThen.java:51)
		at reactor.core.publisher.InternalMonoOperator.subscribe(InternalMonoOperator.java:64)
		at reactor.core.publisher.MonoFlatMap$FlatMapMain.onNext(MonoFlatMap.java:157)
		at reactor.core.publisher.FluxSwitchIfEmpty$SwitchIfEmptySubscriber.onNext(FluxSwitchIfEmpty.java:74)
		at reactor.core.publisher.MonoNext$NextSubscriber.onNext(MonoNext.java:82)
		at reactor.core.publisher.FluxConcatMap$ConcatMapImmediate.innerNext(FluxConcatMap.java:282)
		at reactor.core.publisher.FluxConcatMap$ConcatMapInner.onNext(FluxConcatMap.java:863)
		at reactor.core.publisher.FluxMapFuseable$MapFuseableSubscriber.onNext(FluxMapFuseable.java:127)
		at reactor.core.publisher.MonoPeekTerminal$MonoTerminalPeekSubscriber.onNext(MonoPeekTerminal.java:180)
		at reactor.core.publisher.Operators$ScalarSubscription.request(Operators.java:2398)
		at reactor.core.publisher.MonoPeekTerminal$MonoTerminalPeekSubscriber.request(MonoPeekTerminal.java:139)
		at reactor.core.publisher.FluxMapFuseable$MapFuseableSubscriber.request(FluxMapFuseable.java:169)
		at reactor.core.publisher.Operators$MultiSubscriptionSubscriber.set(Operators.java:2194)
		at reactor.core.publisher.Operators$MultiSubscriptionSubscriber.onSubscribe(Operators.java:2068)
		at reactor.core.publisher.FluxMapFuseable$MapFuseableSubscriber.onSubscribe(FluxMapFuseable.java:96)
		at reactor.core.publisher.MonoPeekTerminal$MonoTerminalPeekSubscriber.onSubscribe(MonoPeekTerminal.java:152)
		at reactor.core.publisher.MonoJust.subscribe(MonoJust.java:55)
		at reactor.core.publisher.Mono.subscribe(Mono.java:4400)
		at reactor.core.publisher.FluxConcatMap$ConcatMapImmediate.drain(FluxConcatMap.java:451)
		at reactor.core.publisher.FluxConcatMap$ConcatMapImmediate.onSubscribe(FluxConcatMap.java:219)
		at reactor.core.publisher.FluxIterable.subscribe(FluxIterable.java:165)
		at reactor.core.publisher.FluxIterable.subscribe(FluxIterable.java:87)
		at reactor.core.publisher.InternalMonoOperator.subscribe(InternalMonoOperator.java:64)
		at reactor.core.publisher.MonoDefer.subscribe(MonoDefer.java:52)
		at reactor.core.publisher.Mono.subscribe(Mono.java:4400)
		at reactor.core.publisher.MonoIgnoreThen$ThenIgnoreMain.subscribeNext(MonoIgnoreThen.java:263)
		at reactor.core.publisher.MonoIgnoreThen.subscribe(MonoIgnoreThen.java:51)
		at reactor.core.publisher.InternalMonoOperator.subscribe(InternalMonoOperator.java:64)
		at reactor.core.publisher.MonoDeferContextual.subscribe(MonoDeferContextual.java:55)
		at reactor.netty.http.server.HttpServer$HttpServerHandle.onStateChange(HttpServer.java:967)
		at reactor.netty.ReactorNetty$CompositeConnectionObserver.onStateChange(ReactorNetty.java:677)
		at reactor.netty.transport.ServerTransport$ChildObserver.onStateChange(ServerTransport.java:478)
		at reactor.netty.http.server.HttpServerOperations.onInboundNext(HttpServerOperations.java:570)
		at reactor.netty.channel.ChannelOperationsHandler.channelRead(ChannelOperationsHandler.java:93)
		at io.netty.channel.AbstractChannelHandlerContext.invokeChannelRead(AbstractChannelHandlerContext.java:379)
		at io.netty.channel.AbstractChannelHandlerContext.invokeChannelRead(AbstractChannelHandlerContext.java:365)
		at io.netty.channel.AbstractChannelHandlerContext.fireChannelRead(AbstractChannelHandlerContext.java:357)
		at reactor.netty.http.server.HttpTrafficHandler.channelRead(HttpTrafficHandler.java:222)
		at io.netty.channel.AbstractChannelHandlerContext.invokeChannelRead(AbstractChannelHandlerContext.java:379)
		at io.netty.channel.AbstractChannelHandlerContext.invokeChannelRead(AbstractChannelHandlerContext.java:365)
		at io.netty.channel.AbstractChannelHandlerContext.fireChannelRead(AbstractChannelHandlerContext.java:357)
		at io.netty.channel.CombinedChannelDuplexHandler$DelegatingChannelHandlerContext.fireChannelRead(CombinedChannelDuplexHandler.java:436)
		at io.netty.handler.codec.ByteToMessageDecoder.fireChannelRead(ByteToMessageDecoder.java:327)
		at io.netty.handler.codec.ByteToMessageDecoder.channelRead(ByteToMessageDecoder.java:299)
		at io.netty.channel.CombinedChannelDuplexHandler.channelRead(CombinedChannelDuplexHandler.java:251)
		at io.netty.channel.AbstractChannelHandlerContext.invokeChannelRead(AbstractChannelHandlerContext.java:379)
		at io.netty.channel.AbstractChannelHandlerContext.invokeChannelRead(AbstractChannelHandlerContext.java:365)
		at io.netty.channel.AbstractChannelHandlerContext.fireChannelRead(AbstractChannelHandlerContext.java:357)
		at io.netty.channel.DefaultChannelPipeline$HeadContext.channelRead(DefaultChannelPipeline.java:1410)
		at io.netty.channel.AbstractChannelHandlerContext.invokeChannelRead(AbstractChannelHandlerContext.java:379)
		at io.netty.channel.AbstractChannelHandlerContext.invokeChannelRead(AbstractChannelHandlerContext.java:365)
		at io.netty.channel.DefaultChannelPipeline.fireChannelRead(DefaultChannelPipeline.java:919)
		at io.netty.channel.nio.AbstractNioByteChannel$NioByteUnsafe.read(AbstractNioByteChannel.java:166)
		at io.netty.channel.nio.NioEventLoop.processSelectedKey(NioEventLoop.java:722)
		at io.netty.channel.nio.NioEventLoop.processSelectedKeysOptimized(NioEventLoop.java:658)
		at io.netty.channel.nio.NioEventLoop.processSelectedKeys(NioEventLoop.java:584)
		at io.netty.channel.nio.NioEventLoop.run(NioEventLoop.java:496)
		at io.netty.util.concurrent.SingleThreadEventExecutor$4.run(SingleThreadEventExecutor.java:986)
		at io.netty.util.internal.ThreadExecutorMap$2.run(ThreadExecutorMap.java:74)
		at io.netty.util.concurrent.FastThreadLocalRunnable.run(FastThreadLocalRunnable.java:30)
		at java.base/java.lang.Thread.run(Thread.java:829)

2022-05-01 00:44:54.575  INFO 27800 --- [           main] c.g.s.typotype.TypotypeApplicationKt     : Starting TypotypeApplicationKt using Java 11.0.14.1 on PC-SUS45 with PID 27800 (D:\projects\typotype\build\classes\kotlin\main started by Илья Буглаков in D:\projects\typotype)
2022-05-01 00:44:54.586  INFO 27800 --- [           main] c.g.s.typotype.TypotypeApplicationKt     : No active profile set, falling back to 1 default profile: "default"
2022-05-01 00:44:57.562  INFO 27800 --- [           main] o.s.b.web.embedded.netty.NettyWebServer  : Netty started on port 8080
2022-05-01 00:44:57.572  INFO 27800 --- [           main] o.s.b.rsocket.netty.NettyRSocketServer   : Netty RSocket started on port(s): 7000
2022-05-01 00:44:57.589  INFO 27800 --- [           main] c.g.s.typotype.TypotypeApplicationKt     : Started TypotypeApplicationKt in 3.713 seconds (JVM running for 4.837)
2022-05-01 00:45:09.264 ERROR 27800 --- [actor-tcp-nio-2] a.w.r.e.AbstractErrorWebExceptionHandler : [a8753097-1]  500 Server Error for HTTP GET "/"

io.rsocket.exceptions.ApplicationErrorException: No handler for destination ''
	at io.rsocket.exceptions.Exceptions.from(Exceptions.java:76)
	Suppressed: reactor.core.publisher.FluxOnAssembly$OnAssemblyException: 
Error has been observed at the following site(s):
	*__checkpoint ⇢ Handler com.github.sintexer.typotype.room.controller.TypeRestController#getStream(Continuation) [DispatcherHandler]
	*__checkpoint ⇢ HTTP GET "/" [ExceptionHandlingWebHandler]
Original Stack Trace:
		at io.rsocket.exceptions.Exceptions.from(Exceptions.java:76)
		at io.rsocket.core.RSocketRequester.handleFrame(RSocketRequester.java:261)
		at io.rsocket.core.RSocketRequester.handleIncomingFrames(RSocketRequester.java:211)
		at reactor.core.publisher.LambdaSubscriber.onNext(LambdaSubscriber.java:160)
		at io.rsocket.core.ClientServerInputMultiplexer$InternalDuplexConnection.onNext(ClientServerInputMultiplexer.java:248)
		at io.rsocket.core.ClientServerInputMultiplexer.onNext(ClientServerInputMultiplexer.java:129)
		at io.rsocket.core.ClientServerInputMultiplexer.onNext(ClientServerInputMultiplexer.java:48)
		at reactor.core.publisher.FluxMap$MapSubscriber.onNext(FluxMap.java:120)
		at reactor.core.publisher.FluxMap$MapSubscriber.onNext(FluxMap.java:120)
		at reactor.netty.channel.FluxReceive.onInboundNext(FluxReceive.java:364)
		at reactor.netty.channel.ChannelOperations.onInboundNext(ChannelOperations.java:404)
		at reactor.netty.channel.ChannelOperationsHandler.channelRead(ChannelOperationsHandler.java:93)
		at io.netty.channel.AbstractChannelHandlerContext.invokeChannelRead(AbstractChannelHandlerContext.java:379)
		at io.netty.channel.AbstractChannelHandlerContext.invokeChannelRead(AbstractChannelHandlerContext.java:365)
		at io.netty.channel.AbstractChannelHandlerContext.fireChannelRead(AbstractChannelHandlerContext.java:357)
		at io.netty.handler.codec.ByteToMessageDecoder.fireChannelRead(ByteToMessageDecoder.java:327)
		at io.netty.handler.codec.ByteToMessageDecoder.channelRead(ByteToMessageDecoder.java:299)
		at io.netty.channel.AbstractChannelHandlerContext.invokeChannelRead(AbstractChannelHandlerContext.java:379)
		at io.netty.channel.AbstractChannelHandlerContext.invokeChannelRead(AbstractChannelHandlerContext.java:365)
		at io.netty.channel.AbstractChannelHandlerContext.fireChannelRead(AbstractChannelHandlerContext.java:357)
		at io.netty.channel.DefaultChannelPipeline$HeadContext.channelRead(DefaultChannelPipeline.java:1410)
		at io.netty.channel.AbstractChannelHandlerContext.invokeChannelRead(AbstractChannelHandlerContext.java:379)
		at io.netty.channel.AbstractChannelHandlerContext.invokeChannelRead(AbstractChannelHandlerContext.java:365)
		at io.netty.channel.DefaultChannelPipeline.fireChannelRead(DefaultChannelPipeline.java:919)
		at io.netty.channel.nio.AbstractNioByteChannel$NioByteUnsafe.read(AbstractNioByteChannel.java:166)
		at io.netty.channel.nio.NioEventLoop.processSelectedKey(NioEventLoop.java:722)
		at io.netty.channel.nio.NioEventLoop.processSelectedKeysOptimized(NioEventLoop.java:658)
		at io.netty.channel.nio.NioEventLoop.processSelectedKeys(NioEventLoop.java:584)
		at io.netty.channel.nio.NioEventLoop.run(NioEventLoop.java:496)
		at io.netty.util.concurrent.SingleThreadEventExecutor$4.run(SingleThreadEventExecutor.java:986)
		at io.netty.util.internal.ThreadExecutorMap$2.run(ThreadExecutorMap.java:74)
		at io.netty.util.concurrent.FastThreadLocalRunnable.run(FastThreadLocalRunnable.java:30)
		at java.base/java.lang.Thread.run(Thread.java:829)

2022-05-01 00:46:08.710  INFO 37984 --- [           main] c.g.s.typotype.TypotypeApplicationKt     : Starting TypotypeApplicationKt using Java 11.0.14.1 on PC-SUS45 with PID 37984 (D:\projects\typotype\build\classes\kotlin\main started by Илья Буглаков in D:\projects\typotype)
2022-05-01 00:46:08.718  INFO 37984 --- [           main] c.g.s.typotype.TypotypeApplicationKt     : No active profile set, falling back to 1 default profile: "default"
2022-05-01 00:46:12.133  INFO 37984 --- [           main] o.s.b.web.embedded.netty.NettyWebServer  : Netty started on port 8080
2022-05-01 00:46:12.133  INFO 37984 --- [           main] o.s.b.rsocket.netty.NettyRSocketServer   : Netty RSocket started on port(s): 7000
2022-05-01 00:46:12.154  INFO 37984 --- [           main] c.g.s.typotype.TypotypeApplicationKt     : Started TypotypeApplicationKt in 4.154 seconds (JVM running for 5.261)
2022-05-01 00:46:15.596 ERROR 37984 --- [actor-tcp-nio-2] a.w.r.e.AbstractErrorWebExceptionHandler : [94716d81-1]  500 Server Error for HTTP GET "/"

io.rsocket.exceptions.ApplicationErrorException: Destination '' does not support REQUEST_STREAM. Supported interaction(s): [REQUEST_FNF, REQUEST_RESPONSE]
	at io.rsocket.exceptions.Exceptions.from(Exceptions.java:76)
	Suppressed: reactor.core.publisher.FluxOnAssembly$OnAssemblyException: 
Error has been observed at the following site(s):
	*__checkpoint ⇢ Handler com.github.sintexer.typotype.room.controller.TypeRestController#getStream(Continuation) [DispatcherHandler]
	*__checkpoint ⇢ HTTP GET "/" [ExceptionHandlingWebHandler]
Original Stack Trace:
		at io.rsocket.exceptions.Exceptions.from(Exceptions.java:76)
		at io.rsocket.core.RSocketRequester.handleFrame(RSocketRequester.java:261)
		at io.rsocket.core.RSocketRequester.handleIncomingFrames(RSocketRequester.java:211)
		at reactor.core.publisher.LambdaSubscriber.onNext(LambdaSubscriber.java:160)
		at io.rsocket.core.ClientServerInputMultiplexer$InternalDuplexConnection.onNext(ClientServerInputMultiplexer.java:248)
		at io.rsocket.core.ClientServerInputMultiplexer.onNext(ClientServerInputMultiplexer.java:129)
		at io.rsocket.core.ClientServerInputMultiplexer.onNext(ClientServerInputMultiplexer.java:48)
		at reactor.core.publisher.FluxMap$MapSubscriber.onNext(FluxMap.java:120)
		at reactor.core.publisher.FluxMap$MapSubscriber.onNext(FluxMap.java:120)
		at reactor.netty.channel.FluxReceive.onInboundNext(FluxReceive.java:364)
		at reactor.netty.channel.ChannelOperations.onInboundNext(ChannelOperations.java:404)
		at reactor.netty.channel.ChannelOperationsHandler.channelRead(ChannelOperationsHandler.java:93)
		at io.netty.channel.AbstractChannelHandlerContext.invokeChannelRead(AbstractChannelHandlerContext.java:379)
		at io.netty.channel.AbstractChannelHandlerContext.invokeChannelRead(AbstractChannelHandlerContext.java:365)
		at io.netty.channel.AbstractChannelHandlerContext.fireChannelRead(AbstractChannelHandlerContext.java:357)
		at io.netty.handler.codec.ByteToMessageDecoder.fireChannelRead(ByteToMessageDecoder.java:327)
		at io.netty.handler.codec.ByteToMessageDecoder.channelRead(ByteToMessageDecoder.java:299)
		at io.netty.channel.AbstractChannelHandlerContext.invokeChannelRead(AbstractChannelHandlerContext.java:379)
		at io.netty.channel.AbstractChannelHandlerContext.invokeChannelRead(AbstractChannelHandlerContext.java:365)
		at io.netty.channel.AbstractChannelHandlerContext.fireChannelRead(AbstractChannelHandlerContext.java:357)
		at io.netty.channel.DefaultChannelPipeline$HeadContext.channelRead(DefaultChannelPipeline.java:1410)
		at io.netty.channel.AbstractChannelHandlerContext.invokeChannelRead(AbstractChannelHandlerContext.java:379)
		at io.netty.channel.AbstractChannelHandlerContext.invokeChannelRead(AbstractChannelHandlerContext.java:365)
		at io.netty.channel.DefaultChannelPipeline.fireChannelRead(DefaultChannelPipeline.java:919)
		at io.netty.channel.nio.AbstractNioByteChannel$NioByteUnsafe.read(AbstractNioByteChannel.java:166)
		at io.netty.channel.nio.NioEventLoop.processSelectedKey(NioEventLoop.java:722)
		at io.netty.channel.nio.NioEventLoop.processSelectedKeysOptimized(NioEventLoop.java:658)
		at io.netty.channel.nio.NioEventLoop.processSelectedKeys(NioEventLoop.java:584)
		at io.netty.channel.nio.NioEventLoop.run(NioEventLoop.java:496)
		at io.netty.util.concurrent.SingleThreadEventExecutor$4.run(SingleThreadEventExecutor.java:986)
		at io.netty.util.internal.ThreadExecutorMap$2.run(ThreadExecutorMap.java:74)
		at io.netty.util.concurrent.FastThreadLocalRunnable.run(FastThreadLocalRunnable.java:30)
		at java.base/java.lang.Thread.run(Thread.java:829)

2022-05-01 00:47:17.549  INFO 48200 --- [           main] c.g.s.typotype.TypotypeApplicationKt     : Starting TypotypeApplicationKt using Java 11.0.14.1 on PC-SUS45 with PID 48200 (D:\projects\typotype\build\classes\kotlin\main started by Илья Буглаков in D:\projects\typotype)
2022-05-01 00:47:17.551  INFO 48200 --- [           main] c.g.s.typotype.TypotypeApplicationKt     : No active profile set, falling back to 1 default profile: "default"
2022-05-01 00:47:20.780  INFO 48200 --- [           main] o.s.b.web.embedded.netty.NettyWebServer  : Netty started on port 8080
2022-05-01 00:47:20.788  INFO 48200 --- [           main] o.s.b.rsocket.netty.NettyRSocketServer   : Netty RSocket started on port(s): 7000
2022-05-01 00:47:20.805  INFO 48200 --- [           main] c.g.s.typotype.TypotypeApplicationKt     : Started TypotypeApplicationKt in 3.942 seconds (JVM running for 5.002)
2022-05-01 00:47:22.148 ERROR 48200 --- [actor-tcp-nio-2] a.w.r.e.AbstractErrorWebExceptionHandler : [f432a3d5-1]  500 Server Error for HTTP GET "/"

io.rsocket.exceptions.ApplicationErrorException: Destination '' does not support REQUEST_STREAM. Supported interaction(s): [REQUEST_FNF, REQUEST_RESPONSE]
	at io.rsocket.exceptions.Exceptions.from(Exceptions.java:76)
	Suppressed: reactor.core.publisher.FluxOnAssembly$OnAssemblyException: 
Error has been observed at the following site(s):
	*__checkpoint ⇢ Handler com.github.sintexer.typotype.room.controller.TypeRestController#getStream(Continuation) [DispatcherHandler]
	*__checkpoint ⇢ HTTP GET "/" [ExceptionHandlingWebHandler]
Original Stack Trace:
		at io.rsocket.exceptions.Exceptions.from(Exceptions.java:76)
		at io.rsocket.core.RSocketRequester.handleFrame(RSocketRequester.java:261)
		at io.rsocket.core.RSocketRequester.handleIncomingFrames(RSocketRequester.java:211)
		at reactor.core.publisher.LambdaSubscriber.onNext(LambdaSubscriber.java:160)
		at io.rsocket.core.ClientServerInputMultiplexer$InternalDuplexConnection.onNext(ClientServerInputMultiplexer.java:248)
		at io.rsocket.core.ClientServerInputMultiplexer.onNext(ClientServerInputMultiplexer.java:129)
		at io.rsocket.core.ClientServerInputMultiplexer.onNext(ClientServerInputMultiplexer.java:48)
		at reactor.core.publisher.FluxMap$MapSubscriber.onNext(FluxMap.java:120)
		at reactor.core.publisher.FluxMap$MapSubscriber.onNext(FluxMap.java:120)
		at reactor.netty.channel.FluxReceive.onInboundNext(FluxReceive.java:364)
		at reactor.netty.channel.ChannelOperations.onInboundNext(ChannelOperations.java:404)
		at reactor.netty.channel.ChannelOperationsHandler.channelRead(ChannelOperationsHandler.java:93)
		at io.netty.channel.AbstractChannelHandlerContext.invokeChannelRead(AbstractChannelHandlerContext.java:379)
		at io.netty.channel.AbstractChannelHandlerContext.invokeChannelRead(AbstractChannelHandlerContext.java:365)
		at io.netty.channel.AbstractChannelHandlerContext.fireChannelRead(AbstractChannelHandlerContext.java:357)
		at io.netty.handler.codec.ByteToMessageDecoder.fireChannelRead(ByteToMessageDecoder.java:327)
		at io.netty.handler.codec.ByteToMessageDecoder.channelRead(ByteToMessageDecoder.java:299)
		at io.netty.channel.AbstractChannelHandlerContext.invokeChannelRead(AbstractChannelHandlerContext.java:379)
		at io.netty.channel.AbstractChannelHandlerContext.invokeChannelRead(AbstractChannelHandlerContext.java:365)
		at io.netty.channel.AbstractChannelHandlerContext.fireChannelRead(AbstractChannelHandlerContext.java:357)
		at io.netty.channel.DefaultChannelPipeline$HeadContext.channelRead(DefaultChannelPipeline.java:1410)
		at io.netty.channel.AbstractChannelHandlerContext.invokeChannelRead(AbstractChannelHandlerContext.java:379)
		at io.netty.channel.AbstractChannelHandlerContext.invokeChannelRead(AbstractChannelHandlerContext.java:365)
		at io.netty.channel.DefaultChannelPipeline.fireChannelRead(DefaultChannelPipeline.java:919)
		at io.netty.channel.nio.AbstractNioByteChannel$NioByteUnsafe.read(AbstractNioByteChannel.java:166)
		at io.netty.channel.nio.NioEventLoop.processSelectedKey(NioEventLoop.java:722)
		at io.netty.channel.nio.NioEventLoop.processSelectedKeysOptimized(NioEventLoop.java:658)
		at io.netty.channel.nio.NioEventLoop.processSelectedKeys(NioEventLoop.java:584)
		at io.netty.channel.nio.NioEventLoop.run(NioEventLoop.java:496)
		at io.netty.util.concurrent.SingleThreadEventExecutor$4.run(SingleThreadEventExecutor.java:986)
		at io.netty.util.internal.ThreadExecutorMap$2.run(ThreadExecutorMap.java:74)
		at io.netty.util.concurrent.FastThreadLocalRunnable.run(FastThreadLocalRunnable.java:30)
		at java.base/java.lang.Thread.run(Thread.java:829)

2022-05-01 00:47:41.594 ERROR 48200 --- [actor-tcp-nio-2] o.s.m.h.i.reactive.InvocableHelper       : No exception handling method

io.rsocket.exceptions.ApplicationErrorException: Destination '' does not support REQUEST_STREAM. Supported interaction(s): [REQUEST_FNF, REQUEST_RESPONSE]
	at io.rsocket.exceptions.Exceptions.from(Exceptions.java:76)
	at io.rsocket.core.RSocketRequester.handleFrame(RSocketRequester.java:261)
	at io.rsocket.core.RSocketRequester.handleIncomingFrames(RSocketRequester.java:211)
	at reactor.core.publisher.LambdaSubscriber.onNext(LambdaSubscriber.java:160)
	at io.rsocket.core.ClientServerInputMultiplexer$InternalDuplexConnection.onNext(ClientServerInputMultiplexer.java:248)
	at io.rsocket.core.ClientServerInputMultiplexer.onNext(ClientServerInputMultiplexer.java:129)
	at io.rsocket.core.ClientServerInputMultiplexer.onNext(ClientServerInputMultiplexer.java:48)
	at reactor.core.publisher.FluxMap$MapSubscriber.onNext(FluxMap.java:120)
	at reactor.core.publisher.FluxMap$MapSubscriber.onNext(FluxMap.java:120)
	at reactor.netty.channel.FluxReceive.onInboundNext(FluxReceive.java:364)
	at reactor.netty.channel.ChannelOperations.onInboundNext(ChannelOperations.java:404)
	at reactor.netty.channel.ChannelOperationsHandler.channelRead(ChannelOperationsHandler.java:93)
	at io.netty.channel.AbstractChannelHandlerContext.invokeChannelRead(AbstractChannelHandlerContext.java:379)
	at io.netty.channel.AbstractChannelHandlerContext.invokeChannelRead(AbstractChannelHandlerContext.java:365)
	at io.netty.channel.AbstractChannelHandlerContext.fireChannelRead(AbstractChannelHandlerContext.java:357)
	at io.netty.handler.codec.ByteToMessageDecoder.fireChannelRead(ByteToMessageDecoder.java:327)
	at io.netty.handler.codec.ByteToMessageDecoder.channelRead(ByteToMessageDecoder.java:299)
	at io.netty.channel.AbstractChannelHandlerContext.invokeChannelRead(AbstractChannelHandlerContext.java:379)
	at io.netty.channel.AbstractChannelHandlerContext.invokeChannelRead(AbstractChannelHandlerContext.java:365)
	at io.netty.channel.AbstractChannelHandlerContext.fireChannelRead(AbstractChannelHandlerContext.java:357)
	at io.netty.channel.DefaultChannelPipeline$HeadContext.channelRead(DefaultChannelPipeline.java:1410)
	at io.netty.channel.AbstractChannelHandlerContext.invokeChannelRead(AbstractChannelHandlerContext.java:379)
	at io.netty.channel.AbstractChannelHandlerContext.invokeChannelRead(AbstractChannelHandlerContext.java:365)
	at io.netty.channel.DefaultChannelPipeline.fireChannelRead(DefaultChannelPipeline.java:919)
	at io.netty.channel.nio.AbstractNioByteChannel$NioByteUnsafe.read(AbstractNioByteChannel.java:166)
	at io.netty.channel.nio.NioEventLoop.processSelectedKey(NioEventLoop.java:722)
	at io.netty.channel.nio.NioEventLoop.processSelectedKeysOptimized(NioEventLoop.java:658)
	at io.netty.channel.nio.NioEventLoop.processSelectedKeys(NioEventLoop.java:584)
	at io.netty.channel.nio.NioEventLoop.run(NioEventLoop.java:496)
	at io.netty.util.concurrent.SingleThreadEventExecutor$4.run(SingleThreadEventExecutor.java:986)
	at io.netty.util.internal.ThreadExecutorMap$2.run(ThreadExecutorMap.java:74)
	at io.netty.util.concurrent.FastThreadLocalRunnable.run(FastThreadLocalRunnable.java:30)
	at java.base/java.lang.Thread.run(Thread.java:829)

2022-05-01 00:47:41.598 ERROR 48200 --- [actor-tcp-nio-2] a.w.r.e.AbstractErrorWebExceptionHandler : [f432a3d5-3]  500 Server Error for HTTP POST "/aa"

io.rsocket.exceptions.ApplicationErrorException: Destination '' does not support REQUEST_STREAM. Supported interaction(s): [REQUEST_FNF, REQUEST_RESPONSE]
	at io.rsocket.exceptions.Exceptions.from(Exceptions.java:76)
	Suppressed: reactor.core.publisher.FluxOnAssembly$OnAssemblyException: 
Error has been observed at the following site(s):
	*__checkpoint ⇢ Handler com.github.sintexer.typotype.room.controller.TypeRestController#sendMessage(String, Continuation) [DispatcherHandler]
	*__checkpoint ⇢ HTTP POST "/aa" [ExceptionHandlingWebHandler]
Original Stack Trace:
		at io.rsocket.exceptions.Exceptions.from(Exceptions.java:76)
		at io.rsocket.core.RSocketRequester.handleFrame(RSocketRequester.java:261)
		at io.rsocket.core.RSocketRequester.handleIncomingFrames(RSocketRequester.java:211)
		at reactor.core.publisher.LambdaSubscriber.onNext(LambdaSubscriber.java:160)
		at io.rsocket.core.ClientServerInputMultiplexer$InternalDuplexConnection.onNext(ClientServerInputMultiplexer.java:248)
		at io.rsocket.core.ClientServerInputMultiplexer.onNext(ClientServerInputMultiplexer.java:129)
		at io.rsocket.core.ClientServerInputMultiplexer.onNext(ClientServerInputMultiplexer.java:48)
		at reactor.core.publisher.FluxMap$MapSubscriber.onNext(FluxMap.java:120)
		at reactor.core.publisher.FluxMap$MapSubscriber.onNext(FluxMap.java:120)
		at reactor.netty.channel.FluxReceive.onInboundNext(FluxReceive.java:364)
		at reactor.netty.channel.ChannelOperations.onInboundNext(ChannelOperations.java:404)
		at reactor.netty.channel.ChannelOperationsHandler.channelRead(ChannelOperationsHandler.java:93)
		at io.netty.channel.AbstractChannelHandlerContext.invokeChannelRead(AbstractChannelHandlerContext.java:379)
		at io.netty.channel.AbstractChannelHandlerContext.invokeChannelRead(AbstractChannelHandlerContext.java:365)
		at io.netty.channel.AbstractChannelHandlerContext.fireChannelRead(AbstractChannelHandlerContext.java:357)
		at io.netty.handler.codec.ByteToMessageDecoder.fireChannelRead(ByteToMessageDecoder.java:327)
		at io.netty.handler.codec.ByteToMessageDecoder.channelRead(ByteToMessageDecoder.java:299)
		at io.netty.channel.AbstractChannelHandlerContext.invokeChannelRead(AbstractChannelHandlerContext.java:379)
		at io.netty.channel.AbstractChannelHandlerContext.invokeChannelRead(AbstractChannelHandlerContext.java:365)
		at io.netty.channel.AbstractChannelHandlerContext.fireChannelRead(AbstractChannelHandlerContext.java:357)
		at io.netty.channel.DefaultChannelPipeline$HeadContext.channelRead(DefaultChannelPipeline.java:1410)
		at io.netty.channel.AbstractChannelHandlerContext.invokeChannelRead(AbstractChannelHandlerContext.java:379)
		at io.netty.channel.AbstractChannelHandlerContext.invokeChannelRead(AbstractChannelHandlerContext.java:365)
		at io.netty.channel.DefaultChannelPipeline.fireChannelRead(DefaultChannelPipeline.java:919)
		at io.netty.channel.nio.AbstractNioByteChannel$NioByteUnsafe.read(AbstractNioByteChannel.java:166)
		at io.netty.channel.nio.NioEventLoop.processSelectedKey(NioEventLoop.java:722)
		at io.netty.channel.nio.NioEventLoop.processSelectedKeysOptimized(NioEventLoop.java:658)
		at io.netty.channel.nio.NioEventLoop.processSelectedKeys(NioEventLoop.java:584)
		at io.netty.channel.nio.NioEventLoop.run(NioEventLoop.java:496)
		at io.netty.util.concurrent.SingleThreadEventExecutor$4.run(SingleThreadEventExecutor.java:986)
		at io.netty.util.internal.ThreadExecutorMap$2.run(ThreadExecutorMap.java:74)
		at io.netty.util.concurrent.FastThreadLocalRunnable.run(FastThreadLocalRunnable.java:30)
		at java.base/java.lang.Thread.run(Thread.java:829)

2022-05-01 01:10:43.197  INFO 1816 --- [           main] c.g.s.typotype.TypotypeApplicationKt     : Starting TypotypeApplicationKt using Java 11.0.14.1 on PC-SUS45 with PID 1816 (D:\projects\typotype\build\classes\kotlin\main started by Илья Буглаков in D:\projects\typotype)
2022-05-01 01:10:43.202  INFO 1816 --- [           main] c.g.s.typotype.TypotypeApplicationKt     : No active profile set, falling back to 1 default profile: "default"
2022-05-01 01:10:46.388  INFO 1816 --- [           main] o.s.b.web.embedded.netty.NettyWebServer  : Netty started on port 8080
2022-05-01 01:10:46.396  INFO 1816 --- [           main] o.s.b.rsocket.netty.NettyRSocketServer   : Netty RSocket started on port(s): 7000
2022-05-01 01:10:46.415  INFO 1816 --- [           main] c.g.s.typotype.TypotypeApplicationKt     : Started TypotypeApplicationKt in 3.969 seconds (JVM running for 5.222)
2022-05-01 01:17:18.358 ERROR 1816 --- [ctor-http-nio-7] o.s.m.h.i.reactive.InvocableHelper       : No exception handling method

org.springframework.messaging.handler.invocation.MethodArgumentResolutionException: Could not resolve method parameter at index 0 in public java.lang.Object com.github.sintexer.typotype.room.controller.RSocketController.postMessage(com.github.sintexer.typotype.room.controller.DataWrapper,kotlin.coroutines.Continuation<? super com.github.sintexer.typotype.room.controller.DataWrapper>): Failed to read HTTP message; nested exception is org.springframework.core.codec.DecodingException: JSON decoding error: Unexpected character ('\' (code 92)): was expecting double-quote to start field name; nested exception is com.fasterxml.jackson.core.JsonParseException: Unexpected character ('\' (code 92)): was expecting double-quote to start field name
 at [Source: (io.netty.buffer.ByteBufInputStream); line: 1, column: 3]
	at org.springframework.messaging.handler.annotation.reactive.PayloadMethodArgumentResolver.handleReadError(PayloadMethodArgumentResolver.java:275)
	at org.springframework.messaging.handler.annotation.reactive.PayloadMethodArgumentResolver.lambda$decodeContent$5(PayloadMethodArgumentResolver.java:250)
	at reactor.core.publisher.FluxOnErrorResume$ResumeSubscriber.onError(FluxOnErrorResume.java:94)
	at reactor.core.publisher.FluxMap$MapSubscriber.onError(FluxMap.java:132)
	at reactor.core.publisher.FluxMap$MapSubscriber.onNext(FluxMap.java:112)
	at reactor.core.publisher.FluxFilter$FilterSubscriber.onNext(FluxFilter.java:113)
	at reactor.core.publisher.MonoNext$NextSubscriber.onNext(MonoNext.java:82)
	at reactor.core.publisher.FluxMapFuseable$MapFuseableSubscriber.onNext(FluxMapFuseable.java:127)
	at reactor.core.publisher.FluxPeekFuseable$PeekFuseableSubscriber.onNext(FluxPeekFuseable.java:210)
	at reactor.core.publisher.FluxMapFuseable$MapFuseableSubscriber.onNext(FluxMapFuseable.java:127)
	at reactor.core.publisher.Operators$ScalarSubscription.request(Operators.java:2398)
	at reactor.core.publisher.FluxMapFuseable$MapFuseableSubscriber.request(FluxMapFuseable.java:169)
	at reactor.core.publisher.FluxPeekFuseable$PeekFuseableSubscriber.request(FluxPeekFuseable.java:144)
	at reactor.core.publisher.FluxMapFuseable$MapFuseableSubscriber.request(FluxMapFuseable.java:169)
	at reactor.core.publisher.MonoNext$NextSubscriber.request(MonoNext.java:108)
	at reactor.core.publisher.FluxFilter$FilterSubscriber.request(FluxFilter.java:186)
	at reactor.core.publisher.FluxMap$MapSubscriber.request(FluxMap.java:162)
	at reactor.core.publisher.Operators$MultiSubscriptionSubscriber.set(Operators.java:2194)
	at reactor.core.publisher.FluxOnErrorResume$ResumeSubscriber.onSubscribe(FluxOnErrorResume.java:74)
	at reactor.core.publisher.FluxMap$MapSubscriber.onSubscribe(FluxMap.java:92)
	at reactor.core.publisher.FluxFilter$FilterSubscriber.onSubscribe(FluxFilter.java:85)
	at reactor.core.publisher.MonoNext$NextSubscriber.onSubscribe(MonoNext.java:70)
	at reactor.core.publisher.FluxMapFuseable$MapFuseableSubscriber.onSubscribe(FluxMapFuseable.java:96)
	at reactor.core.publisher.FluxPeekFuseable$PeekFuseableSubscriber.onSubscribe(FluxPeekFuseable.java:178)
	at reactor.core.publisher.FluxMapFuseable$MapFuseableSubscriber.onSubscribe(FluxMapFuseable.java:96)
	at reactor.core.publisher.FluxJust.subscribe(FluxJust.java:68)
	at reactor.core.publisher.Mono.subscribe(Mono.java:4400)
	at reactor.core.publisher.MonoZip.subscribe(MonoZip.java:128)
	at reactor.core.publisher.InternalMonoOperator.subscribe(InternalMonoOperator.java:64)
	at reactor.core.publisher.MonoDefer.subscribe(MonoDefer.java:52)
	at reactor.core.publisher.Mono.subscribe(Mono.java:4400)
	at reactor.core.publisher.FluxConcatArray$ConcatArraySubscriber.onComplete(FluxConcatArray.java:258)
	at reactor.core.publisher.FluxConcatArray.subscribe(FluxConcatArray.java:78)
	at reactor.core.publisher.MonoFromFluxOperator.subscribe(MonoFromFluxOperator.java:81)
	at io.rsocket.core.RSocketResponder.handleRequestResponse(RSocketResponder.java:355)
	at io.rsocket.core.RSocketResponder.handleFrame(RSocketResponder.java:209)
	at reactor.core.publisher.LambdaSubscriber.onNext(LambdaSubscriber.java:160)
	at io.rsocket.core.ClientServerInputMultiplexer$InternalDuplexConnection.onNext(ClientServerInputMultiplexer.java:248)
	at io.rsocket.core.ClientServerInputMultiplexer.onNext(ClientServerInputMultiplexer.java:129)
	at io.rsocket.core.ClientServerInputMultiplexer.onNext(ClientServerInputMultiplexer.java:48)
	at io.rsocket.core.SetupHandlingDuplexConnection.onNext(SetupHandlingDuplexConnection.java:119)
	at io.rsocket.core.SetupHandlingDuplexConnection.onNext(SetupHandlingDuplexConnection.java:19)
	at reactor.core.publisher.FluxMap$MapSubscriber.onNext(FluxMap.java:120)
	at reactor.core.publisher.FluxMap$MapSubscriber.onNext(FluxMap.java:120)
	at reactor.netty.channel.FluxReceive.drainReceiver(FluxReceive.java:279)
	at reactor.netty.channel.FluxReceive.onInboundNext(FluxReceive.java:388)
	at reactor.netty.channel.ChannelOperations.onInboundNext(ChannelOperations.java:404)
	at reactor.netty.channel.ChannelOperationsHandler.channelRead(ChannelOperationsHandler.java:93)
	at io.netty.channel.AbstractChannelHandlerContext.invokeChannelRead(AbstractChannelHandlerContext.java:379)
	at io.netty.channel.AbstractChannelHandlerContext.invokeChannelRead(AbstractChannelHandlerContext.java:365)
	at io.netty.channel.AbstractChannelHandlerContext.fireChannelRead(AbstractChannelHandlerContext.java:357)
	at io.netty.handler.codec.ByteToMessageDecoder.fireChannelRead(ByteToMessageDecoder.java:327)
	at io.netty.handler.codec.ByteToMessageDecoder.channelRead(ByteToMessageDecoder.java:299)
	at io.netty.channel.AbstractChannelHandlerContext.invokeChannelRead(AbstractChannelHandlerContext.java:379)
	at io.netty.channel.AbstractChannelHandlerContext.invokeChannelRead(AbstractChannelHandlerContext.java:365)
	at io.netty.channel.AbstractChannelHandlerContext.fireChannelRead(AbstractChannelHandlerContext.java:357)
	at io.netty.channel.DefaultChannelPipeline$HeadContext.channelRead(DefaultChannelPipeline.java:1410)
	at io.netty.channel.AbstractChannelHandlerContext.invokeChannelRead(AbstractChannelHandlerContext.java:379)
	at io.netty.channel.AbstractChannelHandlerContext.invokeChannelRead(AbstractChannelHandlerContext.java:365)
	at io.netty.channel.DefaultChannelPipeline.fireChannelRead(DefaultChannelPipeline.java:919)
	at io.netty.channel.nio.AbstractNioByteChannel$NioByteUnsafe.read(AbstractNioByteChannel.java:166)
	at io.netty.channel.nio.NioEventLoop.processSelectedKey(NioEventLoop.java:722)
	at io.netty.channel.nio.NioEventLoop.processSelectedKeysOptimized(NioEventLoop.java:658)
	at io.netty.channel.nio.NioEventLoop.processSelectedKeys(NioEventLoop.java:584)
	at io.netty.channel.nio.NioEventLoop.run(NioEventLoop.java:496)
	at io.netty.util.concurrent.SingleThreadEventExecutor$4.run(SingleThreadEventExecutor.java:986)
	at io.netty.util.internal.ThreadExecutorMap$2.run(ThreadExecutorMap.java:74)
	at io.netty.util.concurrent.FastThreadLocalRunnable.run(FastThreadLocalRunnable.java:30)
	at java.base/java.lang.Thread.run(Thread.java:829)
Caused by: org.springframework.core.codec.DecodingException: JSON decoding error: Unexpected character ('\' (code 92)): was expecting double-quote to start field name; nested exception is com.fasterxml.jackson.core.JsonParseException: Unexpected character ('\' (code 92)): was expecting double-quote to start field name
 at [Source: (io.netty.buffer.ByteBufInputStream); line: 1, column: 3]
	at org.springframework.http.codec.json.AbstractJackson2Decoder.processException(AbstractJackson2Decoder.java:242)
	at org.springframework.http.codec.json.AbstractJackson2Decoder.decode(AbstractJackson2Decoder.java:198)
	at org.springframework.messaging.handler.annotation.reactive.PayloadMethodArgumentResolver.lambda$decodeContent$4(PayloadMethodArgumentResolver.java:249)
	at reactor.core.publisher.FluxMap$MapSubscriber.onNext(FluxMap.java:106)
	... 64 common frames omitted
Caused by: com.fasterxml.jackson.core.JsonParseException: Unexpected character ('\' (code 92)): was expecting double-quote to start field name
 at [Source: (io.netty.buffer.ByteBufInputStream); line: 1, column: 3]
	at com.fasterxml.jackson.core.JsonParser._constructError(JsonParser.java:2391)
	at com.fasterxml.jackson.core.base.ParserMinimalBase._reportError(ParserMinimalBase.java:735)
	at com.fasterxml.jackson.core.base.ParserMinimalBase._reportUnexpectedChar(ParserMinimalBase.java:659)
	at com.fasterxml.jackson.core.json.UTF8StreamJsonParser._handleOddName(UTF8StreamJsonParser.java:2096)
	at com.fasterxml.jackson.core.json.UTF8StreamJsonParser._parseName(UTF8StreamJsonParser.java:1746)
	at com.fasterxml.jackson.core.json.UTF8StreamJsonParser.nextToken(UTF8StreamJsonParser.java:798)
	at com.fasterxml.jackson.databind.deser.BeanDeserializer.deserialize(BeanDeserializer.java:180)
	at com.fasterxml.jackson.databind.deser.DefaultDeserializationContext.readRootValue(DefaultDeserializationContext.java:322)
	at com.fasterxml.jackson.databind.ObjectReader._bindAndClose(ObjectReader.java:2051)
	at com.fasterxml.jackson.databind.ObjectReader.readValue(ObjectReader.java:1427)
	at org.springframework.http.codec.json.AbstractJackson2Decoder.decode(AbstractJackson2Decoder.java:193)
	... 66 common frames omitted

2022-05-01 01:17:41.239 ERROR 1816 --- [ctor-http-nio-8] o.s.m.h.i.reactive.InvocableHelper       : No exception handling method

org.springframework.messaging.handler.invocation.MethodArgumentResolutionException: Could not resolve method parameter at index 0 in public java.lang.Object com.github.sintexer.typotype.room.controller.RSocketController.postMessage(com.github.sintexer.typotype.room.controller.DataWrapper,kotlin.coroutines.Continuation<? super com.github.sintexer.typotype.room.controller.DataWrapper>): Failed to read HTTP message; nested exception is org.springframework.core.codec.DecodingException: JSON decoding error: Unexpected character ('m' (code 109)): was expecting double-quote to start field name; nested exception is com.fasterxml.jackson.core.JsonParseException: Unexpected character ('m' (code 109)): was expecting double-quote to start field name
 at [Source: (io.netty.buffer.ByteBufInputStream); line: 1, column: 3]
	at org.springframework.messaging.handler.annotation.reactive.PayloadMethodArgumentResolver.handleReadError(PayloadMethodArgumentResolver.java:275)
	at org.springframework.messaging.handler.annotation.reactive.PayloadMethodArgumentResolver.lambda$decodeContent$5(PayloadMethodArgumentResolver.java:250)
	at reactor.core.publisher.FluxOnErrorResume$ResumeSubscriber.onError(FluxOnErrorResume.java:94)
	at reactor.core.publisher.FluxMap$MapSubscriber.onError(FluxMap.java:132)
	at reactor.core.publisher.FluxMap$MapSubscriber.onNext(FluxMap.java:112)
	at reactor.core.publisher.FluxFilter$FilterSubscriber.onNext(FluxFilter.java:113)
	at reactor.core.publisher.MonoNext$NextSubscriber.onNext(MonoNext.java:82)
	at reactor.core.publisher.FluxMapFuseable$MapFuseableSubscriber.onNext(FluxMapFuseable.java:127)
	at reactor.core.publisher.FluxPeekFuseable$PeekFuseableSubscriber.onNext(FluxPeekFuseable.java:210)
	at reactor.core.publisher.FluxMapFuseable$MapFuseableSubscriber.onNext(FluxMapFuseable.java:127)
	at reactor.core.publisher.Operators$ScalarSubscription.request(Operators.java:2398)
	at reactor.core.publisher.FluxMapFuseable$MapFuseableSubscriber.request(FluxMapFuseable.java:169)
	at reactor.core.publisher.FluxPeekFuseable$PeekFuseableSubscriber.request(FluxPeekFuseable.java:144)
	at reactor.core.publisher.FluxMapFuseable$MapFuseableSubscriber.request(FluxMapFuseable.java:169)
	at reactor.core.publisher.MonoNext$NextSubscriber.request(MonoNext.java:108)
	at reactor.core.publisher.FluxFilter$FilterSubscriber.request(FluxFilter.java:186)
	at reactor.core.publisher.FluxMap$MapSubscriber.request(FluxMap.java:162)
	at reactor.core.publisher.Operators$MultiSubscriptionSubscriber.set(Operators.java:2194)
	at reactor.core.publisher.FluxOnErrorResume$ResumeSubscriber.onSubscribe(FluxOnErrorResume.java:74)
	at reactor.core.publisher.FluxMap$MapSubscriber.onSubscribe(FluxMap.java:92)
	at reactor.core.publisher.FluxFilter$FilterSubscriber.onSubscribe(FluxFilter.java:85)
	at reactor.core.publisher.MonoNext$NextSubscriber.onSubscribe(MonoNext.java:70)
	at reactor.core.publisher.FluxMapFuseable$MapFuseableSubscriber.onSubscribe(FluxMapFuseable.java:96)
	at reactor.core.publisher.FluxPeekFuseable$PeekFuseableSubscriber.onSubscribe(FluxPeekFuseable.java:178)
	at reactor.core.publisher.FluxMapFuseable$MapFuseableSubscriber.onSubscribe(FluxMapFuseable.java:96)
	at reactor.core.publisher.FluxJust.subscribe(FluxJust.java:68)
	at reactor.core.publisher.Mono.subscribe(Mono.java:4400)
	at reactor.core.publisher.MonoZip.subscribe(MonoZip.java:128)
	at reactor.core.publisher.InternalMonoOperator.subscribe(InternalMonoOperator.java:64)
	at reactor.core.publisher.MonoDefer.subscribe(MonoDefer.java:52)
	at reactor.core.publisher.Mono.subscribe(Mono.java:4400)
	at reactor.core.publisher.FluxConcatArray$ConcatArraySubscriber.onComplete(FluxConcatArray.java:258)
	at reactor.core.publisher.FluxConcatArray.subscribe(FluxConcatArray.java:78)
	at reactor.core.publisher.MonoFromFluxOperator.subscribe(MonoFromFluxOperator.java:81)
	at io.rsocket.core.RSocketResponder.handleRequestResponse(RSocketResponder.java:355)
	at io.rsocket.core.RSocketResponder.handleFrame(RSocketResponder.java:209)
	at reactor.core.publisher.LambdaSubscriber.onNext(LambdaSubscriber.java:160)
	at io.rsocket.core.ClientServerInputMultiplexer$InternalDuplexConnection.onNext(ClientServerInputMultiplexer.java:248)
	at io.rsocket.core.ClientServerInputMultiplexer.onNext(ClientServerInputMultiplexer.java:129)
	at io.rsocket.core.ClientServerInputMultiplexer.onNext(ClientServerInputMultiplexer.java:48)
	at io.rsocket.core.SetupHandlingDuplexConnection.onNext(SetupHandlingDuplexConnection.java:119)
	at io.rsocket.core.SetupHandlingDuplexConnection.onNext(SetupHandlingDuplexConnection.java:19)
	at reactor.core.publisher.FluxMap$MapSubscriber.onNext(FluxMap.java:120)
	at reactor.core.publisher.FluxMap$MapSubscriber.onNext(FluxMap.java:120)
	at reactor.netty.channel.FluxReceive.drainReceiver(FluxReceive.java:279)
	at reactor.netty.channel.FluxReceive.onInboundNext(FluxReceive.java:388)
	at reactor.netty.channel.ChannelOperations.onInboundNext(ChannelOperations.java:404)
	at reactor.netty.channel.ChannelOperationsHandler.channelRead(ChannelOperationsHandler.java:93)
	at io.netty.channel.AbstractChannelHandlerContext.invokeChannelRead(AbstractChannelHandlerContext.java:379)
	at io.netty.channel.AbstractChannelHandlerContext.invokeChannelRead(AbstractChannelHandlerContext.java:365)
	at io.netty.channel.AbstractChannelHandlerContext.fireChannelRead(AbstractChannelHandlerContext.java:357)
	at io.netty.handler.codec.ByteToMessageDecoder.fireChannelRead(ByteToMessageDecoder.java:327)
	at io.netty.handler.codec.ByteToMessageDecoder.channelRead(ByteToMessageDecoder.java:299)
	at io.netty.channel.AbstractChannelHandlerContext.invokeChannelRead(AbstractChannelHandlerContext.java:379)
	at io.netty.channel.AbstractChannelHandlerContext.invokeChannelRead(AbstractChannelHandlerContext.java:365)
	at io.netty.channel.AbstractChannelHandlerContext.fireChannelRead(AbstractChannelHandlerContext.java:357)
	at io.netty.channel.DefaultChannelPipeline$HeadContext.channelRead(DefaultChannelPipeline.java:1410)
	at io.netty.channel.AbstractChannelHandlerContext.invokeChannelRead(AbstractChannelHandlerContext.java:379)
	at io.netty.channel.AbstractChannelHandlerContext.invokeChannelRead(AbstractChannelHandlerContext.java:365)
	at io.netty.channel.DefaultChannelPipeline.fireChannelRead(DefaultChannelPipeline.java:919)
	at io.netty.channel.nio.AbstractNioByteChannel$NioByteUnsafe.read(AbstractNioByteChannel.java:166)
	at io.netty.channel.nio.NioEventLoop.processSelectedKey(NioEventLoop.java:722)
	at io.netty.channel.nio.NioEventLoop.processSelectedKeysOptimized(NioEventLoop.java:658)
	at io.netty.channel.nio.NioEventLoop.processSelectedKeys(NioEventLoop.java:584)
	at io.netty.channel.nio.NioEventLoop.run(NioEventLoop.java:496)
	at io.netty.util.concurrent.SingleThreadEventExecutor$4.run(SingleThreadEventExecutor.java:986)
	at io.netty.util.internal.ThreadExecutorMap$2.run(ThreadExecutorMap.java:74)
	at io.netty.util.concurrent.FastThreadLocalRunnable.run(FastThreadLocalRunnable.java:30)
	at java.base/java.lang.Thread.run(Thread.java:829)
Caused by: org.springframework.core.codec.DecodingException: JSON decoding error: Unexpected character ('m' (code 109)): was expecting double-quote to start field name; nested exception is com.fasterxml.jackson.core.JsonParseException: Unexpected character ('m' (code 109)): was expecting double-quote to start field name
 at [Source: (io.netty.buffer.ByteBufInputStream); line: 1, column: 3]
	at org.springframework.http.codec.json.AbstractJackson2Decoder.processException(AbstractJackson2Decoder.java:242)
	at org.springframework.http.codec.json.AbstractJackson2Decoder.decode(AbstractJackson2Decoder.java:198)
	at org.springframework.messaging.handler.annotation.reactive.PayloadMethodArgumentResolver.lambda$decodeContent$4(PayloadMethodArgumentResolver.java:249)
	at reactor.core.publisher.FluxMap$MapSubscriber.onNext(FluxMap.java:106)
	... 64 common frames omitted
Caused by: com.fasterxml.jackson.core.JsonParseException: Unexpected character ('m' (code 109)): was expecting double-quote to start field name
 at [Source: (io.netty.buffer.ByteBufInputStream); line: 1, column: 3]
	at com.fasterxml.jackson.core.JsonParser._constructError(JsonParser.java:2391)
	at com.fasterxml.jackson.core.base.ParserMinimalBase._reportError(ParserMinimalBase.java:735)
	at com.fasterxml.jackson.core.base.ParserMinimalBase._reportUnexpectedChar(ParserMinimalBase.java:659)
	at com.fasterxml.jackson.core.json.UTF8StreamJsonParser._handleOddName(UTF8StreamJsonParser.java:2096)
	at com.fasterxml.jackson.core.json.UTF8StreamJsonParser._parseName(UTF8StreamJsonParser.java:1746)
	at com.fasterxml.jackson.core.json.UTF8StreamJsonParser.nextToken(UTF8StreamJsonParser.java:798)
	at com.fasterxml.jackson.databind.deser.BeanDeserializer.deserialize(BeanDeserializer.java:180)
	at com.fasterxml.jackson.databind.deser.DefaultDeserializationContext.readRootValue(DefaultDeserializationContext.java:322)
	at com.fasterxml.jackson.databind.ObjectReader._bindAndClose(ObjectReader.java:2051)
	at com.fasterxml.jackson.databind.ObjectReader.readValue(ObjectReader.java:1427)
	at org.springframework.http.codec.json.AbstractJackson2Decoder.decode(AbstractJackson2Decoder.java:193)
	... 66 common frames omitted

2022-05-01 01:18:26.320 ERROR 1816 --- [ctor-http-nio-9] o.s.m.h.i.reactive.InvocableHelper       : No exception handling method

org.springframework.messaging.handler.invocation.MethodArgumentResolutionException: Could not resolve method parameter at index 0 in public java.lang.Object com.github.sintexer.typotype.room.controller.RSocketController.postMessage(com.github.sintexer.typotype.room.controller.DataWrapper,kotlin.coroutines.Continuation<? super com.github.sintexer.typotype.room.controller.DataWrapper>): Failed to read HTTP message; nested exception is org.springframework.core.codec.DecodingException: JSON decoding error: Unrecognized token 'asd': was expecting (JSON String, Number, Array, Object or token 'null', 'true' or 'false'); nested exception is com.fasterxml.jackson.core.JsonParseException: Unrecognized token 'asd': was expecting (JSON String, Number, Array, Object or token 'null', 'true' or 'false')
 at [Source: (io.netty.buffer.ByteBufInputStream); line: 1, column: 4]
	at org.springframework.messaging.handler.annotation.reactive.PayloadMethodArgumentResolver.handleReadError(PayloadMethodArgumentResolver.java:275)
	at org.springframework.messaging.handler.annotation.reactive.PayloadMethodArgumentResolver.lambda$decodeContent$5(PayloadMethodArgumentResolver.java:250)
	at reactor.core.publisher.FluxOnErrorResume$ResumeSubscriber.onError(FluxOnErrorResume.java:94)
	at reactor.core.publisher.FluxMap$MapSubscriber.onError(FluxMap.java:132)
	at reactor.core.publisher.FluxMap$MapSubscriber.onNext(FluxMap.java:112)
	at reactor.core.publisher.FluxFilter$FilterSubscriber.onNext(FluxFilter.java:113)
	at reactor.core.publisher.MonoNext$NextSubscriber.onNext(MonoNext.java:82)
	at reactor.core.publisher.FluxMapFuseable$MapFuseableSubscriber.onNext(FluxMapFuseable.java:127)
	at reactor.core.publisher.FluxPeekFuseable$PeekFuseableSubscriber.onNext(FluxPeekFuseable.java:210)
	at reactor.core.publisher.FluxMapFuseable$MapFuseableSubscriber.onNext(FluxMapFuseable.java:127)
	at reactor.core.publisher.Operators$ScalarSubscription.request(Operators.java:2398)
	at reactor.core.publisher.FluxMapFuseable$MapFuseableSubscriber.request(FluxMapFuseable.java:169)
	at reactor.core.publisher.FluxPeekFuseable$PeekFuseableSubscriber.request(FluxPeekFuseable.java:144)
	at reactor.core.publisher.FluxMapFuseable$MapFuseableSubscriber.request(FluxMapFuseable.java:169)
	at reactor.core.publisher.MonoNext$NextSubscriber.request(MonoNext.java:108)
	at reactor.core.publisher.FluxFilter$FilterSubscriber.request(FluxFilter.java:186)
	at reactor.core.publisher.FluxMap$MapSubscriber.request(FluxMap.java:162)
	at reactor.core.publisher.Operators$MultiSubscriptionSubscriber.set(Operators.java:2194)
	at reactor.core.publisher.FluxOnErrorResume$ResumeSubscriber.onSubscribe(FluxOnErrorResume.java:74)
	at reactor.core.publisher.FluxMap$MapSubscriber.onSubscribe(FluxMap.java:92)
	at reactor.core.publisher.FluxFilter$FilterSubscriber.onSubscribe(FluxFilter.java:85)
	at reactor.core.publisher.MonoNext$NextSubscriber.onSubscribe(MonoNext.java:70)
	at reactor.core.publisher.FluxMapFuseable$MapFuseableSubscriber.onSubscribe(FluxMapFuseable.java:96)
	at reactor.core.publisher.FluxPeekFuseable$PeekFuseableSubscriber.onSubscribe(FluxPeekFuseable.java:178)
	at reactor.core.publisher.FluxMapFuseable$MapFuseableSubscriber.onSubscribe(FluxMapFuseable.java:96)
	at reactor.core.publisher.FluxJust.subscribe(FluxJust.java:68)
	at reactor.core.publisher.Mono.subscribe(Mono.java:4400)
	at reactor.core.publisher.MonoZip.subscribe(MonoZip.java:128)
	at reactor.core.publisher.InternalMonoOperator.subscribe(InternalMonoOperator.java:64)
	at reactor.core.publisher.MonoDefer.subscribe(MonoDefer.java:52)
	at reactor.core.publisher.Mono.subscribe(Mono.java:4400)
	at reactor.core.publisher.FluxConcatArray$ConcatArraySubscriber.onComplete(FluxConcatArray.java:258)
	at reactor.core.publisher.FluxConcatArray.subscribe(FluxConcatArray.java:78)
	at reactor.core.publisher.MonoFromFluxOperator.subscribe(MonoFromFluxOperator.java:81)
	at io.rsocket.core.RSocketResponder.handleRequestResponse(RSocketResponder.java:355)
	at io.rsocket.core.RSocketResponder.handleFrame(RSocketResponder.java:209)
	at reactor.core.publisher.LambdaSubscriber.onNext(LambdaSubscriber.java:160)
	at io.rsocket.core.ClientServerInputMultiplexer$InternalDuplexConnection.onNext(ClientServerInputMultiplexer.java:248)
	at io.rsocket.core.ClientServerInputMultiplexer.onNext(ClientServerInputMultiplexer.java:129)
	at io.rsocket.core.ClientServerInputMultiplexer.onNext(ClientServerInputMultiplexer.java:48)
	at io.rsocket.core.SetupHandlingDuplexConnection.onNext(SetupHandlingDuplexConnection.java:119)
	at io.rsocket.core.SetupHandlingDuplexConnection.onNext(SetupHandlingDuplexConnection.java:19)
	at reactor.core.publisher.FluxMap$MapSubscriber.onNext(FluxMap.java:120)
	at reactor.core.publisher.FluxMap$MapSubscriber.onNext(FluxMap.java:120)
	at reactor.netty.channel.FluxReceive.drainReceiver(FluxReceive.java:279)
	at reactor.netty.channel.FluxReceive.onInboundNext(FluxReceive.java:388)
	at reactor.netty.channel.ChannelOperations.onInboundNext(ChannelOperations.java:404)
	at reactor.netty.channel.ChannelOperationsHandler.channelRead(ChannelOperationsHandler.java:93)
	at io.netty.channel.AbstractChannelHandlerContext.invokeChannelRead(AbstractChannelHandlerContext.java:379)
	at io.netty.channel.AbstractChannelHandlerContext.invokeChannelRead(AbstractChannelHandlerContext.java:365)
	at io.netty.channel.AbstractChannelHandlerContext.fireChannelRead(AbstractChannelHandlerContext.java:357)
	at io.netty.handler.codec.ByteToMessageDecoder.fireChannelRead(ByteToMessageDecoder.java:327)
	at io.netty.handler.codec.ByteToMessageDecoder.channelRead(ByteToMessageDecoder.java:299)
	at io.netty.channel.AbstractChannelHandlerContext.invokeChannelRead(AbstractChannelHandlerContext.java:379)
	at io.netty.channel.AbstractChannelHandlerContext.invokeChannelRead(AbstractChannelHandlerContext.java:365)
	at io.netty.channel.AbstractChannelHandlerContext.fireChannelRead(AbstractChannelHandlerContext.java:357)
	at io.netty.channel.DefaultChannelPipeline$HeadContext.channelRead(DefaultChannelPipeline.java:1410)
	at io.netty.channel.AbstractChannelHandlerContext.invokeChannelRead(AbstractChannelHandlerContext.java:379)
	at io.netty.channel.AbstractChannelHandlerContext.invokeChannelRead(AbstractChannelHandlerContext.java:365)
	at io.netty.channel.DefaultChannelPipeline.fireChannelRead(DefaultChannelPipeline.java:919)
	at io.netty.channel.nio.AbstractNioByteChannel$NioByteUnsafe.read(AbstractNioByteChannel.java:166)
	at io.netty.channel.nio.NioEventLoop.processSelectedKey(NioEventLoop.java:722)
	at io.netty.channel.nio.NioEventLoop.processSelectedKeysOptimized(NioEventLoop.java:658)
	at io.netty.channel.nio.NioEventLoop.processSelectedKeys(NioEventLoop.java:584)
	at io.netty.channel.nio.NioEventLoop.run(NioEventLoop.java:496)
	at io.netty.util.concurrent.SingleThreadEventExecutor$4.run(SingleThreadEventExecutor.java:986)
	at io.netty.util.internal.ThreadExecutorMap$2.run(ThreadExecutorMap.java:74)
	at io.netty.util.concurrent.FastThreadLocalRunnable.run(FastThreadLocalRunnable.java:30)
	at java.base/java.lang.Thread.run(Thread.java:829)
Caused by: org.springframework.core.codec.DecodingException: JSON decoding error: Unrecognized token 'asd': was expecting (JSON String, Number, Array, Object or token 'null', 'true' or 'false'); nested exception is com.fasterxml.jackson.core.JsonParseException: Unrecognized token 'asd': was expecting (JSON String, Number, Array, Object or token 'null', 'true' or 'false')
 at [Source: (io.netty.buffer.ByteBufInputStream); line: 1, column: 4]
	at org.springframework.http.codec.json.AbstractJackson2Decoder.processException(AbstractJackson2Decoder.java:242)
	at org.springframework.http.codec.json.AbstractJackson2Decoder.decode(AbstractJackson2Decoder.java:198)
	at org.springframework.messaging.handler.annotation.reactive.PayloadMethodArgumentResolver.lambda$decodeContent$4(PayloadMethodArgumentResolver.java:249)
	at reactor.core.publisher.FluxMap$MapSubscriber.onNext(FluxMap.java:106)
	... 64 common frames omitted
Caused by: com.fasterxml.jackson.core.JsonParseException: Unrecognized token 'asd': was expecting (JSON String, Number, Array, Object or token 'null', 'true' or 'false')
 at [Source: (io.netty.buffer.ByteBufInputStream); line: 1, column: 4]
	at com.fasterxml.jackson.core.JsonParser._constructError(JsonParser.java:2391)
	at com.fasterxml.jackson.core.base.ParserMinimalBase._reportError(ParserMinimalBase.java:745)
	at com.fasterxml.jackson.core.json.UTF8StreamJsonParser._reportInvalidToken(UTF8StreamJsonParser.java:3635)
	at com.fasterxml.jackson.core.json.UTF8StreamJsonParser._handleUnexpectedValue(UTF8StreamJsonParser.java:2734)
	at com.fasterxml.jackson.core.json.UTF8StreamJsonParser._nextTokenNotInObject(UTF8StreamJsonParser.java:902)
	at com.fasterxml.jackson.core.json.UTF8StreamJsonParser.nextToken(UTF8StreamJsonParser.java:794)
	at com.fasterxml.jackson.databind.ObjectReader._initForReading(ObjectReader.java:356)
	at com.fasterxml.jackson.databind.ObjectReader._bindAndClose(ObjectReader.java:2041)
	at com.fasterxml.jackson.databind.ObjectReader.readValue(ObjectReader.java:1427)
	at org.springframework.http.codec.json.AbstractJackson2Decoder.decode(AbstractJackson2Decoder.java:193)
	... 66 common frames omitted

2022-05-01 01:19:01.465 ERROR 1816 --- [tor-http-nio-10] o.s.m.h.i.reactive.InvocableHelper       : No exception handling method

org.springframework.messaging.handler.invocation.MethodArgumentResolutionException: Could not resolve method parameter at index 0 in public java.lang.Object com.github.sintexer.typotype.room.controller.RSocketController.postMessage(com.github.sintexer.typotype.room.controller.DataWrapper,kotlin.coroutines.Continuation<? super com.github.sintexer.typotype.room.controller.DataWrapper>): Failed to read HTTP message; nested exception is org.springframework.core.codec.DecodingException: JSON decoding error: Unexpected character ('a' (code 97)): was expecting double-quote to start field name; nested exception is com.fasterxml.jackson.core.JsonParseException: Unexpected character ('a' (code 97)): was expecting double-quote to start field name
 at [Source: (io.netty.buffer.ByteBufInputStream); line: 1, column: 3]
	at org.springframework.messaging.handler.annotation.reactive.PayloadMethodArgumentResolver.handleReadError(PayloadMethodArgumentResolver.java:275)
	at org.springframework.messaging.handler.annotation.reactive.PayloadMethodArgumentResolver.lambda$decodeContent$5(PayloadMethodArgumentResolver.java:250)
	at reactor.core.publisher.FluxOnErrorResume$ResumeSubscriber.onError(FluxOnErrorResume.java:94)
	at reactor.core.publisher.FluxMap$MapSubscriber.onError(FluxMap.java:132)
	at reactor.core.publisher.FluxMap$MapSubscriber.onNext(FluxMap.java:112)
	at reactor.core.publisher.FluxFilter$FilterSubscriber.onNext(FluxFilter.java:113)
	at reactor.core.publisher.MonoNext$NextSubscriber.onNext(MonoNext.java:82)
	at reactor.core.publisher.FluxMapFuseable$MapFuseableSubscriber.onNext(FluxMapFuseable.java:127)
	at reactor.core.publisher.FluxPeekFuseable$PeekFuseableSubscriber.onNext(FluxPeekFuseable.java:210)
	at reactor.core.publisher.FluxMapFuseable$MapFuseableSubscriber.onNext(FluxMapFuseable.java:127)
	at reactor.core.publisher.Operators$ScalarSubscription.request(Operators.java:2398)
	at reactor.core.publisher.FluxMapFuseable$MapFuseableSubscriber.request(FluxMapFuseable.java:169)
	at reactor.core.publisher.FluxPeekFuseable$PeekFuseableSubscriber.request(FluxPeekFuseable.java:144)
	at reactor.core.publisher.FluxMapFuseable$MapFuseableSubscriber.request(FluxMapFuseable.java:169)
	at reactor.core.publisher.MonoNext$NextSubscriber.request(MonoNext.java:108)
	at reactor.core.publisher.FluxFilter$FilterSubscriber.request(FluxFilter.java:186)
	at reactor.core.publisher.FluxMap$MapSubscriber.request(FluxMap.java:162)
	at reactor.core.publisher.Operators$MultiSubscriptionSubscriber.set(Operators.java:2194)
	at reactor.core.publisher.FluxOnErrorResume$ResumeSubscriber.onSubscribe(FluxOnErrorResume.java:74)
	at reactor.core.publisher.FluxMap$MapSubscriber.onSubscribe(FluxMap.java:92)
	at reactor.core.publisher.FluxFilter$FilterSubscriber.onSubscribe(FluxFilter.java:85)
	at reactor.core.publisher.MonoNext$NextSubscriber.onSubscribe(MonoNext.java:70)
	at reactor.core.publisher.FluxMapFuseable$MapFuseableSubscriber.onSubscribe(FluxMapFuseable.java:96)
	at reactor.core.publisher.FluxPeekFuseable$PeekFuseableSubscriber.onSubscribe(FluxPeekFuseable.java:178)
	at reactor.core.publisher.FluxMapFuseable$MapFuseableSubscriber.onSubscribe(FluxMapFuseable.java:96)
	at reactor.core.publisher.FluxJust.subscribe(FluxJust.java:68)
	at reactor.core.publisher.Mono.subscribe(Mono.java:4400)
	at reactor.core.publisher.MonoZip.subscribe(MonoZip.java:128)
	at reactor.core.publisher.InternalMonoOperator.subscribe(InternalMonoOperator.java:64)
	at reactor.core.publisher.MonoDefer.subscribe(MonoDefer.java:52)
	at reactor.core.publisher.Mono.subscribe(Mono.java:4400)
	at reactor.core.publisher.FluxConcatArray$ConcatArraySubscriber.onComplete(FluxConcatArray.java:258)
	at reactor.core.publisher.FluxConcatArray.subscribe(FluxConcatArray.java:78)
	at reactor.core.publisher.MonoFromFluxOperator.subscribe(MonoFromFluxOperator.java:81)
	at io.rsocket.core.RSocketResponder.handleRequestResponse(RSocketResponder.java:355)
	at io.rsocket.core.RSocketResponder.handleFrame(RSocketResponder.java:209)
	at reactor.core.publisher.LambdaSubscriber.onNext(LambdaSubscriber.java:160)
	at io.rsocket.core.ClientServerInputMultiplexer$InternalDuplexConnection.onNext(ClientServerInputMultiplexer.java:248)
	at io.rsocket.core.ClientServerInputMultiplexer.onNext(ClientServerInputMultiplexer.java:129)
	at io.rsocket.core.ClientServerInputMultiplexer.onNext(ClientServerInputMultiplexer.java:48)
	at io.rsocket.core.SetupHandlingDuplexConnection.onNext(SetupHandlingDuplexConnection.java:119)
	at io.rsocket.core.SetupHandlingDuplexConnection.onNext(SetupHandlingDuplexConnection.java:19)
	at reactor.core.publisher.FluxMap$MapSubscriber.onNext(FluxMap.java:120)
	at reactor.core.publisher.FluxMap$MapSubscriber.onNext(FluxMap.java:120)
	at reactor.netty.channel.FluxReceive.drainReceiver(FluxReceive.java:279)
	at reactor.netty.channel.FluxReceive.onInboundNext(FluxReceive.java:388)
	at reactor.netty.channel.ChannelOperations.onInboundNext(ChannelOperations.java:404)
	at reactor.netty.channel.ChannelOperationsHandler.channelRead(ChannelOperationsHandler.java:93)
	at io.netty.channel.AbstractChannelHandlerContext.invokeChannelRead(AbstractChannelHandlerContext.java:379)
	at io.netty.channel.AbstractChannelHandlerContext.invokeChannelRead(AbstractChannelHandlerContext.java:365)
	at io.netty.channel.AbstractChannelHandlerContext.fireChannelRead(AbstractChannelHandlerContext.java:357)
	at io.netty.handler.codec.ByteToMessageDecoder.fireChannelRead(ByteToMessageDecoder.java:327)
	at io.netty.handler.codec.ByteToMessageDecoder.channelRead(ByteToMessageDecoder.java:299)
	at io.netty.channel.AbstractChannelHandlerContext.invokeChannelRead(AbstractChannelHandlerContext.java:379)
	at io.netty.channel.AbstractChannelHandlerContext.invokeChannelRead(AbstractChannelHandlerContext.java:365)
	at io.netty.channel.AbstractChannelHandlerContext.fireChannelRead(AbstractChannelHandlerContext.java:357)
	at io.netty.channel.DefaultChannelPipeline$HeadContext.channelRead(DefaultChannelPipeline.java:1410)
	at io.netty.channel.AbstractChannelHandlerContext.invokeChannelRead(AbstractChannelHandlerContext.java:379)
	at io.netty.channel.AbstractChannelHandlerContext.invokeChannelRead(AbstractChannelHandlerContext.java:365)
	at io.netty.channel.DefaultChannelPipeline.fireChannelRead(DefaultChannelPipeline.java:919)
	at io.netty.channel.nio.AbstractNioByteChannel$NioByteUnsafe.read(AbstractNioByteChannel.java:166)
	at io.netty.channel.nio.NioEventLoop.processSelectedKey(NioEventLoop.java:722)
	at io.netty.channel.nio.NioEventLoop.processSelectedKeysOptimized(NioEventLoop.java:658)
	at io.netty.channel.nio.NioEventLoop.processSelectedKeys(NioEventLoop.java:584)
	at io.netty.channel.nio.NioEventLoop.run(NioEventLoop.java:496)
	at io.netty.util.concurrent.SingleThreadEventExecutor$4.run(SingleThreadEventExecutor.java:986)
	at io.netty.util.internal.ThreadExecutorMap$2.run(ThreadExecutorMap.java:74)
	at io.netty.util.concurrent.FastThreadLocalRunnable.run(FastThreadLocalRunnable.java:30)
	at java.base/java.lang.Thread.run(Thread.java:829)
Caused by: org.springframework.core.codec.DecodingException: JSON decoding error: Unexpected character ('a' (code 97)): was expecting double-quote to start field name; nested exception is com.fasterxml.jackson.core.JsonParseException: Unexpected character ('a' (code 97)): was expecting double-quote to start field name
 at [Source: (io.netty.buffer.ByteBufInputStream); line: 1, column: 3]
	at org.springframework.http.codec.json.AbstractJackson2Decoder.processException(AbstractJackson2Decoder.java:242)
	at org.springframework.http.codec.json.AbstractJackson2Decoder.decode(AbstractJackson2Decoder.java:198)
	at org.springframework.messaging.handler.annotation.reactive.PayloadMethodArgumentResolver.lambda$decodeContent$4(PayloadMethodArgumentResolver.java:249)
	at reactor.core.publisher.FluxMap$MapSubscriber.onNext(FluxMap.java:106)
	... 64 common frames omitted
Caused by: com.fasterxml.jackson.core.JsonParseException: Unexpected character ('a' (code 97)): was expecting double-quote to start field name
 at [Source: (io.netty.buffer.ByteBufInputStream); line: 1, column: 3]
	at com.fasterxml.jackson.core.JsonParser._constructError(JsonParser.java:2391)
	at com.fasterxml.jackson.core.base.ParserMinimalBase._reportError(ParserMinimalBase.java:735)
	at com.fasterxml.jackson.core.base.ParserMinimalBase._reportUnexpectedChar(ParserMinimalBase.java:659)
	at com.fasterxml.jackson.core.json.UTF8StreamJsonParser._handleOddName(UTF8StreamJsonParser.java:2096)
	at com.fasterxml.jackson.core.json.UTF8StreamJsonParser._parseName(UTF8StreamJsonParser.java:1746)
	at com.fasterxml.jackson.core.json.UTF8StreamJsonParser.nextToken(UTF8StreamJsonParser.java:798)
	at com.fasterxml.jackson.databind.deser.BeanDeserializer.deserialize(BeanDeserializer.java:180)
	at com.fasterxml.jackson.databind.deser.DefaultDeserializationContext.readRootValue(DefaultDeserializationContext.java:322)
	at com.fasterxml.jackson.databind.ObjectReader._bindAndClose(ObjectReader.java:2051)
	at com.fasterxml.jackson.databind.ObjectReader.readValue(ObjectReader.java:1427)
	at org.springframework.http.codec.json.AbstractJackson2Decoder.decode(AbstractJackson2Decoder.java:193)
	... 66 common frames omitted

2022-05-01 01:20:51.032 ERROR 1816 --- [tor-http-nio-11] c.g.s.t.r.controller.RSocketController   : DataWrapper(message=abcccc)
2022-05-01 01:22:26.262  INFO 14344 --- [           main] c.g.s.typotype.TypotypeApplicationKt     : Starting TypotypeApplicationKt using Java 11.0.14.1 on PC-SUS45 with PID 14344 (D:\projects\typotype\build\classes\kotlin\main started by Илья Буглаков in D:\projects\typotype)
2022-05-01 01:22:26.266  INFO 14344 --- [           main] c.g.s.typotype.TypotypeApplicationKt     : No active profile set, falling back to 1 default profile: "default"
2022-05-01 01:22:29.319  INFO 14344 --- [           main] o.s.b.web.embedded.netty.NettyWebServer  : Netty started on port 8080
2022-05-01 01:22:29.330  INFO 14344 --- [           main] o.s.b.rsocket.netty.NettyRSocketServer   : Netty RSocket started on port(s): 7000
2022-05-01 01:22:29.349  INFO 14344 --- [           main] c.g.s.typotype.TypotypeApplicationKt     : Started TypotypeApplicationKt in 3.82 seconds (JVM running for 5.161)
2022-05-01 01:22:32.056 ERROR 14344 --- [ctor-http-nio-3] c.g.s.t.r.controller.RSocketController   : asdasd
